#
# A fatal error has been detected by the Java Runtime Environment:
#
#  EXCEPTION_ACCESS_VIOLATION (0xc0000005) at pc=0x00007fffd3910563, pid=16668, tid=15276
#
# JRE version: Java(TM) SE Runtime Environment (14.0.1+7) (build 14.0.1+7)
# Java VM: Java HotSpot(TM) 64-Bit Server VM (14.0.1+7, mixed mode, sharing, tiered, compressed oops, g1 gc, windows-amd64)
# Problematic frame:
# C  [glass.dll+0x10563]
#
# No core dump will be written. Minidumps are not enabled by default on client versions of Windows
#
# If you would like to submit a bug report, please visit:
#   https://bugreport.java.com/bugreport/crash.jsp
# The crash happened outside the Java Virtual Machine in native code.
# See problematic frame for where to report the bug.
#

---------------  S U M M A R Y ------------

Command Line: --add-modules=javafx.base,javafx.graphics --add-reads=javafx.base=ALL-UNNAMED --add-reads=javafx.graphics=ALL-UNNAMED -javaagent:C:\Program Files\JetBrains\IntelliJ IDEA 2020.1.2\lib\idea_rt.jar=54499:C:\Program Files\JetBrains\IntelliJ IDEA 2020.1.2\bin -Dfile.encoding=UTF-8 --module-path=C:\Program Files\JavaFX\javafx-sdk-14.0.1\lib\javafx.base.jar;C:\Program Files\JavaFX\javafx-sdk-14.0.1\lib\javafx.graphics.jar;C:\Users\Reel\Desktop\SUT\982\Advanced Programming\AP_PROJECT\New\target\classes;C:\Program Files\JavaFX\javafx-sdk-14.0.1\lib\javafx-swt.jar;C:\Program Files\JavaFX\javafx-sdk-14.0.1\lib\javafx.controls.jar;C:\Program Files\JavaFX\javafx-sdk-14.0.1\lib\javafx.fxml.jar;C:\Program Files\JavaFX\javafx-sdk-14.0.1\lib\javafx.media.jar;C:\Program Files\JavaFX\javafx-sdk-14.0.1\lib\javafx.swing.jar;C:\Program Files\JavaFX\javafx-sdk-14.0.1\lib\javafx.web.jar;C:\Users\Reel\Downloads\jfoenix-9.0.10.jar;C:\Users\Reel\Downloads\Documents\kotlin-stdlib-1.2.42.jar;C:\Users\Reel\Downloads\Documents\annotations-13.0.jar;C:\Users\Reel\.m2\repository\org\apache\maven\plugins\maven-compiler-plugin\3.8.1\maven-compiler-plugin-3.8.1.jar;C:\Users\Reel\.m2\repository\org\apache\maven\maven-plugin-api\3.0\maven-plugin-api-3.0.jar;C:\Users\Reel\.m2\repository\org\apache\maven\maven-model\3.0\maven-model-3.0.jar;C:\Users\Reel\.m2\repository\org\sonatype\sisu\sisu-inject-plexus\1.4.2\sisu-inject-plexus-1.4.2.jar;C:\Users\Reel\.m2\repository\org\sonatype\sisu\sisu-inject-bean\1.4.2\sisu-inject-bean-1.4.2.jar;C:\Users\Reel\.m2\repository\org\sonatype\sisu\sisu-guice\2.1.7\sisu-guice-2.1.7-noaop.jar;C:\Users\Reel\.m2\repository\org\apache\maven\maven-artifact\3.0\maven-artifact-3.0.jar;C:\Users\Reel\.m2\repository\org\codehaus\plexus\plexus-utils\2.0.4\plexus-utils-2.0.4.jar;C:\Users\Reel\.m2\repository\org\apache\maven\maven-core\3.0\maven-core-3.0.jar;C:\Users\Reel\.m2\repository\org\apache\maven\maven-settings\3.0\maven-settings-3.0.jar;C:\Users\Reel\.m2\repository\org\apache\maven\maven-settings-builder\3.0\maven-settings-builder-3.0.jar;C:\Users\Reel\.m2\repository\org\apache\maven\maven-repository-metadata\3.0\maven-repository-metadata-3.0.jar;C:\Users\Reel\.m2\repository\org\apache\maven\maven-model-builder\3.0\maven-model-builder-3.0.jar;C:\User-Djdk.module.main=team team/main.Main

Host: Intel(R) Core(TM) i5-7300U CPU @ 2.60GHz, 4 cores, 7G,  Windows 10 , 64 bit Build 17763 (10.0.17763.1158)
Time: Fri Jul  3 17:31:14 2020 Iran Daylight Time elapsed time: 39 seconds (0d 0h 0m 39s)

---------------  T H R E A D  ---------------

Current thread (0x000001cd78951800):  JavaThread "JavaFX Application Thread" [_thread_in_native, id=15276, stack(0x000000ca20c00000,0x000000ca20d00000)]

Stack: [0x000000ca20c00000,0x000000ca20d00000],  sp=0x000000ca20cfd160,  free space=1012k
Native frames: (J=compiled Java code, j=interpreted, Vv=VM code, C=native code)
C  [glass.dll+0x10563]

Java frames: (J=compiled Java code, j=interpreted, Vv=VM code)
j  com.sun.glass.ui.win.WinSystemClipboard.popMimesFromSystem()[Ljava/lang/String;+0 javafx.graphics
j  com.sun.glass.ui.win.WinSystemClipboard.mimesFromSystem()[Ljava/lang/String;+10 javafx.graphics
j  com.sun.glass.ui.SystemClipboard.getMimeTypes()[Ljava/lang/String;+16 javafx.graphics
j  com.sun.glass.ui.ClipboardAssistance.getMimeTypes()[Ljava/lang/String;+7 javafx.graphics
j  com.sun.javafx.tk.quantum.QuantumClipboard.hasContent(Ljavafx/scene/input/DataFormat;)Z+69 javafx.graphics
j  javafx.scene.input.Clipboard.hasContent(Ljavafx/scene/input/DataFormat;)Z+11 javafx.graphics
j  javafx.scene.input.Clipboard.hasString()Z+4 javafx.graphics
j  javafx.scene.control.TextInputControl.paste()V+5 javafx.controls
j  com.sun.javafx.scene.control.behavior.TextInputControlBehavior.paste()V+12 javafx.controls
j  com.sun.javafx.scene.control.behavior.TextInputControlBehavior.lambda$new$20(Ljavafx/scene/input/KeyEvent;)V+1 javafx.controls
j  com.sun.javafx.scene.control.behavior.TextInputControlBehavior$$Lambda$371.handle(Ljavafx/event/Event;)V+8 javafx.controls
j  com.sun.javafx.scene.control.behavior.TextInputControlBehavior.lambda$keyMapping$62(Ljavafx/event/EventHandler;Ljavafx/scene/input/KeyEvent;)V+7 javafx.controls
j  com.sun.javafx.scene.control.behavior.TextInputControlBehavior$$Lambda$354.handle(Ljavafx/event/Event;)V+12 javafx.controls
J 3541 c1 com.sun.javafx.scene.control.inputmap.InputMap.handle(Ljavafx/event/Event;)V javafx.controls (92 bytes) @ 0x000001cd6211abac [0x000001cd6211a560+0x000000000000064c]
J 3540 c1 com.sun.javafx.scene.control.inputmap.InputMap$$Lambda$314.handle(Ljavafx/event/Event;)V javafx.controls (9 bytes) @ 0x000001cd6211a16c [0x000001cd6211a0c0+0x00000000000000ac]
J 3172 c1 com.sun.javafx.event.CompositeEventHandler$NormalEventHandlerRecord.handleBubblingEvent(Ljavafx/event/Event;)V javafx.base (11 bytes) @ 0x000001cd62015c6c [0x000001cd62015b40+0x000000000000012c]
J 4213 c2 com.sun.javafx.event.EventHandlerManager.dispatchBubblingEvent(Ljavafx/event/EventType;Ljavafx/event/Event;)Ljavafx/event/Event; javafx.base (41 bytes) @ 0x000001cd6910630c [0x000001cd69106060+0x00000000000002ac]
J 2744 c1 com.sun.javafx.event.EventHandlerManager.dispatchBubblingEvent(Ljavafx/event/Event;)Ljavafx/event/Event; javafx.base (23 bytes) @ 0x000001cd61f4155c [0x000001cd61f413e0+0x000000000000017c]
J 2493 c1 com.sun.javafx.event.CompositeEventDispatcher.dispatchBubblingEvent(Ljavafx/event/Event;)Ljavafx/event/Event; javafx.base (35 bytes) @ 0x000001cd61efba54 [0x000001cd61efb860+0x00000000000001f4]
J 2449 c1 com.sun.javafx.event.BasicEventDispatcher.dispatchEvent(Ljavafx/event/Event;Ljavafx/event/EventDispatchChain;)Ljavafx/event/Event; javafx.base (44 bytes) @ 0x000001cd61ee86ec [0x000001cd61ee8360+0x000000000000038c]
J 2433 c1 com.sun.javafx.event.EventDispatchChainImpl.dispatchEvent(Ljavafx/event/Event;)Ljavafx/event/Event; javafx.base (101 bytes) @ 0x000001cd61edda9c [0x000001cd61edd8c0+0x00000000000001dc]
J 2449 c1 com.sun.javafx.event.BasicEventDispatcher.dispatchEvent(Ljavafx/event/Event;Ljavafx/event/EventDispatchChain;)Ljavafx/event/Event; javafx.base (44 bytes) @ 0x000001cd61ee85f4 [0x000001cd61ee8360+0x0000000000000294]
J 2433 c1 com.sun.javafx.event.EventDispatchChainImpl.dispatchEvent(Ljavafx/event/Event;)Ljavafx/event/Event; javafx.base (101 bytes) @ 0x000001cd61edda9c [0x000001cd61edd8c0+0x00000000000001dc]
J 2449 c1 com.sun.javafx.event.BasicEventDispatcher.dispatchEvent(Ljavafx/event/Event;Ljavafx/event/EventDispatchChain;)Ljavafx/event/Event; javafx.base (44 bytes) @ 0x000001cd61ee85f4 [0x000001cd61ee8360+0x0000000000000294]
J 2433 c1 com.sun.javafx.event.EventDispatchChainImpl.dispatchEvent(Ljavafx/event/Event;)Ljavafx/event/Event; javafx.base (101 bytes) @ 0x000001cd61edda9c [0x000001cd61edd8c0+0x00000000000001dc]
J 4113 c1 com.sun.javafx.event.EventUtil.fireEvent(Ljavafx/event/EventTarget;Ljavafx/event/Event;)Ljavafx/event/Event; javafx.base (81 bytes) @ 0x000001cd62268b0c [0x000001cd62268300+0x000000000000080c]
J 3286 c1 javafx.event.Event.fireEvent(Ljavafx/event/EventTarget;Ljavafx/event/Event;)V javafx.base (35 bytes) @ 0x000001cd62070b24 [0x000001cd62070a60+0x00000000000000c4]
j  javafx.scene.Scene$KeyHandler.process(Ljavafx/scene/input/KeyEvent;)V+34 javafx.graphics
j  javafx.scene.Scene.processKeyEvent(Ljavafx/scene/input/KeyEvent;)V+28 javafx.graphics
j  javafx.scene.Scene$ScenePeerListener.keyEvent(Ljavafx/scene/input/KeyEvent;)V+5 javafx.graphics
j  com.sun.javafx.tk.quantum.GlassViewEventHandler$KeyEventNotification.run()Ljava/lang/Void;+357 javafx.graphics
j  com.sun.javafx.tk.quantum.GlassViewEventHandler$KeyEventNotification.run()Ljava/lang/Object;+1 javafx.graphics
J 2854 c1 java.security.AccessController.doPrivileged(Ljava/security/PrivilegedAction;Ljava/security/AccessControlContext;)Ljava/lang/Object; java.base@14.0.1 (17 bytes) @ 0x000001cd61f6bb64 [0x000001cd61f6b980+0x00000000000001e4]
j  com.sun.javafx.tk.quantum.GlassViewEventHandler.lambda$handleKeyEvent$1()Ljava/lang/Void;+11 javafx.graphics
j  com.sun.javafx.tk.quantum.GlassViewEventHandler$$Lambda$585.get()Ljava/lang/Object;+4 javafx.graphics
J 3374 c1 com.sun.javafx.tk.quantum.QuantumToolkit.runWithoutRenderLock(Ljava/util/function/Supplier;)Ljava/lang/Object; javafx.graphics (49 bytes) @ 0x000001cd620b21c4 [0x000001cd620b1ca0+0x0000000000000524]
j  com.sun.javafx.tk.quantum.GlassViewEventHandler.handleKeyEvent(Lcom/sun/glass/ui/View;JII[CI)V+58 javafx.graphics
j  com.sun.glass.ui.View.handleKeyEvent(JII[CI)V+20 javafx.graphics
j  com.sun.glass.ui.View.notifyKey(II[CI)V+9 javafx.graphics
v  ~StubRoutines::call_stub
j  com.sun.glass.ui.win.WinApplication._runLoop(Ljava/lang/Runnable;)V+0 javafx.graphics
j  com.sun.glass.ui.win.WinApplication.lambda$runLoop$3(ILjava/lang/Runnable;)V+8 javafx.graphics
j  com.sun.glass.ui.win.WinApplication$$Lambda$98.run()V+12 javafx.graphics
j  java.lang.Thread.run()V+11 java.base@14.0.1
v  ~StubRoutines::call_stub

siginfo: EXCEPTION_ACCESS_VIOLATION (0xc0000005), reading address 0x000001cd7a0ee004


Register to memory mapping:

RIP=0x00007fffd3910563 glass.dll
RAX=0x0000000000000001 is an unknown value
RBX=0x00000000000000fb is an unknown value
RCX=0x000001cd573d0000 points into unknown readable memory: 00 00 00 00 00 00 00 00
RDX=0x000001cd573d0000 points into unknown readable memory: 00 00 00 00 00 00 00 00
RSP=0x000000ca20cfd160 is pointing into the stack for thread: 0x000001cd78951800
RBP=0x0 is NULL
RSI=0x000001cd79b6fc70 points into unknown readable memory: 00 00 00 00 00 00 00 00
RDI=0x00000000000000ff is an unknown value
R8 =0x000001cd572c2880 points into unknown readable memory: f0 0c 2c 57 cd 01 00 00
R9 =0x0000000000008000 is an unknown value
R10=0x0000000000000020 is an unknown value
R11=0x0000000000000002 is an unknown value
R12=0x0 is NULL
R13=0x00000000000000fb is an unknown value
R14=0x000001cd7a0c9b90 points into unknown readable memory: 43 00 3a 00 5c 00 55 00
R15=0x0000000000024470 is an unknown value


Registers:
RAX=0x0000000000000001, RBX=0x00000000000000fb, RCX=0x000001cd573d0000, RDX=0x000001cd573d0000
RSP=0x000000ca20cfd160, RBP=0x0000000000000000, RSI=0x000001cd79b6fc70, RDI=0x00000000000000ff
R8 =0x000001cd572c2880, R9 =0x0000000000008000, R10=0x0000000000000020, R11=0x0000000000000002
R12=0x0000000000000000, R13=0x00000000000000fb, R14=0x000001cd7a0c9b90, R15=0x0000000000024470
RIP=0x00007fffd3910563, EFLAGS=0x0000000000010202

Top of Stack: (sp=0x000000ca20cfd160)
0x000000ca20cfd160:   00000000000000fb 0000000000000000
0x000000ca20cfd170:   000001cd79b6fcd0 000001cd79b6fc70
0x000000ca20cfd180:   00007fff00000000 0000000000000000
0x000000ca20cfd190:   000001cd021a8bb0 000001cd79b6fcd0
0x000000ca20cfd1a0:   000001cd000000fb 0000000000000000
0x000000ca20cfd1b0:   0000000000000401 000001cd79b6fcb0
0x000000ca20cfd1c0:   000001cd79b6f770 000001cd79b6fb10
0x000000ca20cfd1d0:   0000000000000000 000001cd79b6fa50
0x000000ca20cfd1e0:   000001cd7a0c9b90 0000000000000000
0x000000ca20cfd1f0:   3f800000000000ff 000001cd021a8050
0x000000ca20cfd200:   0000000000000101 000001cd7916c120
0x000000ca20cfd210:   000001cd7916e120 000001cd7916e120
0x000000ca20cfd220:   00000000000001ff 0000000000000200
0x000000ca20cfd230:   000001cd021a7f70 000001cd021a7f70
0x000000ca20cfd240:   000001cd021a8bb0 0000000000000000
0x000000ca20cfd250:   000001cd021a8bb0 0000000000000000 

Instructions: (pc=0x00007fffd3910563)
0x00007fffd3910463:   e8 f8 1a ff ff 41 83 e4 ef 44 89 64 24 20 48 8b
0x00007fffd3910473:   44 24 58 48 85 c0 74 48 b9 ff ff ff ff f0 0f c1
0x00007fffd3910483:   48 10 83 f9 01 75 39 48 8b 5c 24 58 48 8b 0b 48
0x00007fffd3910493:   85 c9 74 09 ff 15 0b 6e 01 00 4c 89 2b 48 8b 4b
0x00007fffd39104a3:   08 48 85 c9 74 09 e8 e2 2a 01 00 4c 89 6b 08 ba
0x00007fffd39104b3:   18 00 00 00 48 8b cb e8 d1 2a 01 00 8b 5c 24 40
0x00007fffd39104c3:   b8 ff ff ff ff f0 0f c1 46 10 83 f8 01 75 31 48
0x00007fffd39104d3:   8b 0e 48 85 c9 74 09 ff 15 c8 6d 01 00 4c 89 2e
0x00007fffd39104e3:   48 8b 4e 08 48 85 c9 74 09 e8 9f 2a 01 00 4c 89
0x00007fffd39104f3:   6e 08 ba 18 00 00 00 48 8b ce e8 8e 2a 01 00 90
0x00007fffd3910503:   b8 ff ff ff ff f0 41 0f c1 46 10 83 f8 01 75 30
0x00007fffd3910513:   49 8b 0e 48 85 c9 74 09 ff 15 87 6d 01 00 4d 89
0x00007fffd3910523:   2e 49 8b 4e 08 48 85 c9 74 09 e8 5e 2a 01 00 4d
0x00007fffd3910533:   89 6e 08 ba 18 00 00 00 49 8b ce e8 4d 2a 01 00
0x00007fffd3910543:   44 8b eb 45 85 ff 75 09 4d 69 fd 50 02 00 00 eb
0x00007fffd3910553:   07 4d 69 fd 4c 01 00 00 4c 8b b4 24 80 00 00 00
0x00007fffd3910563:   43 f6 44 3e 04 40 0f 84 fb 01 00 00 43 8b 44 3e
0x00007fffd3910573:   48 89 84 24 28 01 00 00 43 8b 44 3e 44 89 84 24
0x00007fffd3910583:   2c 01 00 00 41 b9 0a 00 00 00 45 8d 41 36 48 8d
0x00007fffd3910593:   94 24 c0 02 00 00 48 8b 8c 24 28 01 00 00 ff 15
0x00007fffd39105a3:   89 6d 01 00 b9 18 00 00 00 e8 a3 29 01 00 4c 8b
0x00007fffd39105b3:   f0 48 89 84 24 c0 01 00 00 33 db 48 85 c0 74 27
0x00007fffd39105c3:   48 89 58 08 c7 40 10 01 00 00 00 48 8d 8c 24 c0
0x00007fffd39105d3:   02 00 00 ff 15 d4 6c 01 00 49 89 06 48 85 c0 0f
0x00007fffd39105e3:   84 01 0a 00 00 eb 03 4c 8b f3 4c 89 b4 24 90 01
0x00007fffd39105f3:   00 00 4d 85 f6 0f 84 f6 09 00 00 b9 18 00 00 00
0x00007fffd3910603:   e8 4c 29 01 00 48 8b f0 48 89 84 24 c8 01 00 00
0x00007fffd3910613:   48 85 c0 74 26 48 89 58 08 c7 40 10 01 00 00 00
0x00007fffd3910623:   48 8d 0d 8e 9b 01 00 ff 15 80 6c 01 00 48 89 06
0x00007fffd3910633:   48 85 c0 0f 84 c3 09 00 00 eb 03 48 8b f3 48 89
0x00007fffd3910643:   b4 24 d0 01 00 00 48 85 f6 0f 84 b8 09 00 00 48
0x00007fffd3910653:   89 74 24 60 f0 ff 46 10 83 4c 24 20 20 48 8d 94 


Stack slot to memory mapping:
stack at sp + 0 slots: 0x00000000000000fb is an unknown value
stack at sp + 1 slots: 0x0 is NULL
stack at sp + 2 slots: 0x000001cd79b6fcd0 points into unknown readable memory: 08 7e f9 79 cd 01 00 00
stack at sp + 3 slots: 0x000001cd79b6fc70 points into unknown readable memory: 00 00 00 00 00 00 00 00
stack at sp + 4 slots: 0x00007fff00000000 is an unknown value
stack at sp + 5 slots: 0x0 is NULL
stack at sp + 6 slots: 0x000001cd021a8bb0 points into unknown readable memory: 78 b1 81 78 cd 01 00 00
stack at sp + 7 slots: 0x000001cd79b6fcd0 points into unknown readable memory: 08 7e f9 79 cd 01 00 00


---------------  P R O C E S S  ---------------

Threads class SMR info:
_java_thread_list=0x000001cd7a01b8c0, length=22, elements={
0x000001cd57504000, 0x000001cd77bd8800, 0x000001cd77bdb800, 0x000001cd77bf3800,
0x000001cd77bf6800, 0x000001cd77bf7800, 0x000001cd77bfa000, 0x000001cd77c07000,
0x000001cd77c15000, 0x000001cd77bbd800, 0x000001cd78ce1000, 0x000001cd78d42000,
0x000001cd7861a800, 0x000001cd78e1f800, 0x000001cd78951800, 0x000001cd78e0a000,
0x000001cd7932d000, 0x000001cd02895800, 0x000001cd796dd000, 0x000001cd7859e800,
0x000001cd7859f800, 0x000001cd785a2000
}

Java Threads: ( => current thread )
  0x000001cd57504000 JavaThread "main" [_thread_blocked, id=12716, stack(0x000000ca1f500000,0x000000ca1f600000)]
  0x000001cd77bd8800 JavaThread "Reference Handler" daemon [_thread_blocked, id=4192, stack(0x000000ca1fc00000,0x000000ca1fd00000)]
  0x000001cd77bdb800 JavaThread "Finalizer" daemon [_thread_blocked, id=16204, stack(0x000000ca1fd00000,0x000000ca1fe00000)]
  0x000001cd77bf3800 JavaThread "Signal Dispatcher" daemon [_thread_blocked, id=9372, stack(0x000000ca1fe00000,0x000000ca1ff00000)]
  0x000001cd77bf6800 JavaThread "Attach Listener" daemon [_thread_blocked, id=16532, stack(0x000000ca1ff00000,0x000000ca20000000)]
  0x000001cd77bf7800 JavaThread "Service Thread" daemon [_thread_blocked, id=5368, stack(0x000000ca20000000,0x000000ca20100000)]
  0x000001cd77bfa000 JavaThread "C2 CompilerThread0" daemon [_thread_blocked, id=9852, stack(0x000000ca20100000,0x000000ca20200000)]
  0x000001cd77c07000 JavaThread "C1 CompilerThread0" daemon [_thread_blocked, id=15524, stack(0x000000ca20200000,0x000000ca20300000)]
  0x000001cd77c15000 JavaThread "Sweeper thread" daemon [_thread_blocked, id=2192, stack(0x000000ca20300000,0x000000ca20400000)]
  0x000001cd77bbd800 JavaThread "Common-Cleaner" daemon [_thread_blocked, id=3096, stack(0x000000ca20400000,0x000000ca20500000)]
  0x000001cd78ce1000 JavaThread "Monitor Ctrl-Break" daemon [_thread_in_native, id=3184, stack(0x000000ca20600000,0x000000ca20700000)]
  0x000001cd78d42000 JavaThread "Notification Thread" daemon [_thread_blocked, id=14416, stack(0x000000ca20700000,0x000000ca20800000)]
  0x000001cd7861a800 JavaThread "QuantumRenderer-0" daemon [_thread_blocked, id=14216, stack(0x000000ca20500000,0x000000ca20600000)]
  0x000001cd78e1f800 JavaThread "InvokeLaterDispatcher" daemon [_thread_blocked, id=7464, stack(0x000000ca20b00000,0x000000ca20c00000)]
=>0x000001cd78951800 JavaThread "JavaFX Application Thread" [_thread_in_native, id=15276, stack(0x000000ca20c00000,0x000000ca20d00000)]
  0x000001cd78e0a000 JavaThread "Thread-1" daemon [_thread_in_native, id=16728, stack(0x000000ca21200000,0x000000ca21300000)]
  0x000001cd7932d000 JavaThread "JavaFX-Launcher" [_thread_blocked, id=9996, stack(0x000000ca21300000,0x000000ca21400000)]
  0x000001cd02895800 JavaThread "Prism Font Disposer" daemon [_thread_blocked, id=16708, stack(0x000000ca21700000,0x000000ca21800000)]
  0x000001cd796dd000 JavaThread "Cleaner-0" daemon [_thread_blocked, id=14996, stack(0x000000ca21800000,0x000000ca21900000)]
  0x000001cd7859e800 JavaThread "JFXMedia Player EventQueueThread" daemon [_thread_blocked, id=6640, stack(0x000000ca21b00000,0x000000ca21c00000)]
  0x000001cd7859f800 JavaThread "Media Resource Disposer" daemon [_thread_blocked, id=17012, stack(0x000000ca22300000,0x000000ca22400000)]
  0x000001cd785a2000 JavaThread "Timer-0" daemon [_thread_blocked, id=6760, stack(0x000000ca22400000,0x000000ca22500000)]

Other Threads:
  0x000001cd77bd6000 VMThread "VM Thread" [stack: 0x000000ca1fb00000,0x000000ca1fc00000] [id=10316]
  0x000001cd78fd9800 WatcherThread [stack: 0x000000ca20800000,0x000000ca20900000] [id=15052]
  0x000001cd57546800 GCTaskThread "GC Thread#0" [stack: 0x000000ca1f600000,0x000000ca1f700000] [id=5564]
  0x000001cd79101800 GCTaskThread "GC Thread#1" [stack: 0x000000ca20900000,0x000000ca20a00000] [id=12140]
  0x000001cd78fda000 GCTaskThread "GC Thread#2" [stack: 0x000000ca20a00000,0x000000ca20b00000] [id=1340]
  0x000001cd79343800 GCTaskThread "GC Thread#3" [stack: 0x000000ca21100000,0x000000ca21200000] [id=17384]
  0x000001cd5755a000 ConcurrentGCThread "G1 Main Marker" [stack: 0x000000ca1f700000,0x000000ca1f800000] [id=14684]
  0x000001cd5755c000 ConcurrentGCThread "G1 Conc#0" [stack: 0x000000ca1f800000,0x000000ca1f900000] [id=7204]
  0x000001cd575c9800 ConcurrentGCThread "G1 Refine#0" [stack: 0x000000ca1f900000,0x000000ca1fa00000] [id=13356]
  0x000001cd575ca000 ConcurrentGCThread "G1 Young RemSet Sampling" [stack: 0x000000ca1fa00000,0x000000ca1fb00000] [id=4792]

Threads with active compile tasks:

VM state:not at safepoint (normal execution)

VM Mutex/Monitor currently owned by a thread: None

Heap address: 0x0000000081200000, size: 2030 MB, Compressed Oops mode: 32-bit
Narrow klass base: 0x0000000800000000, Narrow klass shift: 3
Compressed class space size: 1073741824 Address: 0x0000000800b30000

Heap:
 garbage-first heap   total 51200K, used 21503K [0x0000000081200000, 0x0000000100000000)
  region size 1024K, 9 young (9216K), 2 survivors (2048K)
 Metaspace       used 21140K, capacity 22224K, committed 22400K, reserved 1069056K
  class space    used 2957K, capacity 3391K, committed 3456K, reserved 1048576K
Heap Regions: E=young(eden), S=young(survivor), O=old, HS=humongous(starts), HC=humongous(continues), CS=collection set, F=free, OA=open archive, CA=closed archive, TAMS=top-at-mark-start (previous, next)
|   0|0x0000000081200000, 0x0000000081300000, 0x0000000081300000|100%| O|  |TAMS 0x0000000081300000, 0x0000000081200000| Untracked 
|   1|0x0000000081300000, 0x0000000081400000, 0x0000000081400000|100%| O|  |TAMS 0x0000000081400000, 0x0000000081300000| Untracked 
|   2|0x0000000081400000, 0x0000000081500000, 0x0000000081500000|100%| O|  |TAMS 0x0000000081500000, 0x0000000081400000| Untracked 
|   3|0x0000000081500000, 0x00000000815ae000, 0x0000000081600000| 67%| O|  |TAMS 0x00000000815ae000, 0x0000000081500000| Untracked 
|   4|0x0000000081600000, 0x0000000081700000, 0x0000000081700000|100%|HS|  |TAMS 0x0000000081600000, 0x0000000081600000| Complete 
|   5|0x0000000081700000, 0x0000000081800000, 0x0000000081800000|100%| O|  |TAMS 0x0000000081700000, 0x0000000081700000| Untracked 
|   6|0x0000000081800000, 0x0000000081900000, 0x0000000081900000|100%| O|  |TAMS 0x0000000081800000, 0x0000000081800000| Untracked 
|   7|0x0000000081900000, 0x0000000081a00000, 0x0000000081a00000|100%| O|  |TAMS 0x0000000081900000, 0x0000000081900000| Untracked 
|   8|0x0000000081a00000, 0x0000000081b00000, 0x0000000081b00000|100%| O|  |TAMS 0x0000000081a00000, 0x0000000081a00000| Untracked 
|   9|0x0000000081b00000, 0x0000000081bce600, 0x0000000081c00000| 80%| O|  |TAMS 0x0000000081b00000, 0x0000000081b00000| Untracked 
|  10|0x0000000081c00000, 0x0000000081d00000, 0x0000000081d00000|100%|HS|  |TAMS 0x0000000081d00000, 0x0000000081c00000| Complete 
|  11|0x0000000081d00000, 0x0000000081e00000, 0x0000000081e00000|100%|HC|  |TAMS 0x0000000081e00000, 0x0000000081d00000| Complete 
|  12|0x0000000081e00000, 0x0000000081f00000, 0x0000000081f00000|100%|HS|  |TAMS 0x0000000081f00000, 0x0000000081e00000| Complete 
|  13|0x0000000081f00000, 0x0000000082000000, 0x0000000082000000|100%|HC|  |TAMS 0x0000000082000000, 0x0000000081f00000| Complete 
|  14|0x0000000082000000, 0x0000000082000000, 0x0000000082100000|  0%| F|  |TAMS 0x0000000082000000, 0x0000000082000000| Untracked 
|  15|0x0000000082100000, 0x0000000082100000, 0x0000000082200000|  0%| F|  |TAMS 0x0000000082100000, 0x0000000082100000| Untracked 
|  16|0x0000000082200000, 0x0000000082200000, 0x0000000082300000|  0%| F|  |TAMS 0x0000000082200000, 0x0000000082200000| Untracked 
|  17|0x0000000082300000, 0x0000000082300000, 0x0000000082400000|  0%| F|  |TAMS 0x0000000082300000, 0x0000000082300000| Untracked 
|  18|0x0000000082400000, 0x0000000082400000, 0x0000000082500000|  0%| F|  |TAMS 0x0000000082400000, 0x0000000082400000| Untracked 
|  19|0x0000000082500000, 0x0000000082500000, 0x0000000082600000|  0%| F|  |TAMS 0x0000000082500000, 0x0000000082500000| Untracked 
|  20|0x0000000082600000, 0x0000000082600000, 0x0000000082700000|  0%| F|  |TAMS 0x0000000082600000, 0x0000000082600000| Untracked 
|  21|0x0000000082700000, 0x0000000082700000, 0x0000000082800000|  0%| F|  |TAMS 0x0000000082700000, 0x0000000082700000| Untracked 
|  22|0x0000000082800000, 0x00000000828839b8, 0x0000000082900000| 51%| S|CS|TAMS 0x0000000082800000, 0x0000000082800000| Complete 
|  23|0x0000000082900000, 0x0000000082a00000, 0x0000000082a00000|100%| S|CS|TAMS 0x0000000082900000, 0x0000000082900000| Complete 
|  24|0x0000000082a00000, 0x0000000082a00000, 0x0000000082b00000|  0%| F|  |TAMS 0x0000000082a00000, 0x0000000082a00000| Untracked 
|  25|0x0000000082b00000, 0x0000000082b00000, 0x0000000082c00000|  0%| F|  |TAMS 0x0000000082b00000, 0x0000000082b00000| Untracked 
|  26|0x0000000082c00000, 0x0000000082c00000, 0x0000000082d00000|  0%| F|  |TAMS 0x0000000082c00000, 0x0000000082c00000| Untracked 
|  27|0x0000000082d00000, 0x0000000082d00000, 0x0000000082e00000|  0%| F|  |TAMS 0x0000000082d00000, 0x0000000082d00000| Untracked 
|  28|0x0000000082e00000, 0x0000000082e00000, 0x0000000082f00000|  0%| F|  |TAMS 0x0000000082e00000, 0x0000000082e00000| Untracked 
|  29|0x0000000082f00000, 0x0000000082f00000, 0x0000000083000000|  0%| F|  |TAMS 0x0000000082f00000, 0x0000000082f00000| Untracked 
|  30|0x0000000083000000, 0x0000000083000000, 0x0000000083100000|  0%| F|  |TAMS 0x0000000083000000, 0x0000000083000000| Untracked 
|  31|0x0000000083100000, 0x0000000083100000, 0x0000000083200000|  0%| F|  |TAMS 0x0000000083100000, 0x0000000083100000| Untracked 
|  32|0x0000000083200000, 0x0000000083200000, 0x0000000083300000|  0%| F|  |TAMS 0x0000000083200000, 0x0000000083200000| Untracked 
|  33|0x0000000083300000, 0x0000000083300000, 0x0000000083400000|  0%| F|  |TAMS 0x0000000083300000, 0x0000000083300000| Untracked 
|  34|0x0000000083400000, 0x0000000083400000, 0x0000000083500000|  0%| F|  |TAMS 0x0000000083400000, 0x0000000083400000| Untracked 
|  35|0x0000000083500000, 0x0000000083500000, 0x0000000083600000|  0%| F|  |TAMS 0x0000000083500000, 0x0000000083500000| Untracked 
|  36|0x0000000083600000, 0x0000000083600000, 0x0000000083700000|  0%| F|  |TAMS 0x0000000083600000, 0x0000000083600000| Untracked 
|  37|0x0000000083700000, 0x0000000083700000, 0x0000000083800000|  0%| F|  |TAMS 0x0000000083700000, 0x0000000083700000| Untracked 
|  38|0x0000000083800000, 0x0000000083800000, 0x0000000083900000|  0%| F|  |TAMS 0x0000000083800000, 0x0000000083800000| Untracked 
|  39|0x0000000083900000, 0x0000000083900000, 0x0000000083a00000|  0%| F|  |TAMS 0x0000000083900000, 0x0000000083900000| Untracked 
|  40|0x0000000083a00000, 0x0000000083a00000, 0x0000000083b00000|  0%| F|  |TAMS 0x0000000083a00000, 0x0000000083a00000| Untracked 
|  41|0x0000000083b00000, 0x0000000083b00000, 0x0000000083c00000|  0%| F|  |TAMS 0x0000000083b00000, 0x0000000083b00000| Untracked 
|  42|0x0000000083c00000, 0x0000000083c00000, 0x0000000083d00000|  0%| F|  |TAMS 0x0000000083c00000, 0x0000000083c00000| Untracked 
| 103|0x0000000087900000, 0x0000000087940c40, 0x0000000087a00000| 25%| E|  |TAMS 0x0000000087900000, 0x0000000087900000| Complete 
| 104|0x0000000087a00000, 0x0000000087b00000, 0x0000000087b00000|100%| E|CS|TAMS 0x0000000087a00000, 0x0000000087a00000| Complete 
| 105|0x0000000087b00000, 0x0000000087c00000, 0x0000000087c00000|100%| E|CS|TAMS 0x0000000087b00000, 0x0000000087b00000| Complete 
| 106|0x0000000087c00000, 0x0000000087d00000, 0x0000000087d00000|100%| E|CS|TAMS 0x0000000087c00000, 0x0000000087c00000| Complete 
| 107|0x0000000087d00000, 0x0000000087e00000, 0x0000000087e00000|100%| E|CS|TAMS 0x0000000087d00000, 0x0000000087d00000| Complete 
| 108|0x0000000087e00000, 0x0000000087f00000, 0x0000000087f00000|100%| E|CS|TAMS 0x0000000087e00000, 0x0000000087e00000| Complete 
| 127|0x0000000089100000, 0x0000000089200000, 0x0000000089200000|100%| E|CS|TAMS 0x0000000089100000, 0x0000000089100000| Complete 

Card table byte_map: [0x000001cd70e70000,0x000001cd71270000] _byte_map_base: 0x000001cd70a67000

Marking Bits (Prev, Next): (CMBitMap*) 0x000001cd575493e8, (CMBitMap*) 0x000001cd575493a8
 Prev Bits: [0x000001cd73630000, 0x000001cd755e8000)
 Next Bits: [0x000001cd71670000, 0x000001cd73628000)

Polling page: 0x000001cd57320000

Metaspace:

Usage:
  Non-class:     18.39 MB capacity,    17.76 MB ( 97%) used,   532.36 KB (  3%) free+waste,   117.88 KB ( <1%) overhead. 
      Class:      3.31 MB capacity,     2.89 MB ( 87%) used,   372.04 KB ( 11%) free+waste,    61.25 KB (  2%) overhead. 
       Both:     21.70 MB capacity,    20.64 MB ( 95%) used,   904.40 KB (  4%) free+waste,   179.13 KB ( <1%) overhead. 

Virtual space:
  Non-class space:       20.00 MB reserved,      18.50 MB ( 93%) committed 
      Class space:        1.00 GB reserved,       3.38 MB ( <1%) committed 
             Both:        1.02 GB reserved,      21.88 MB (  2%) committed 

Chunk freelists:
   Non-Class:  47.00 KB
       Class:  1.00 KB
        Both:  48.00 KB

MaxMetaspaceSize: 17179869184.00 GB
CompressedClassSpaceSize: 1.00 GB

CodeHeap 'non-profiled nmethods': size=120000Kb used=2045Kb max_used=2045Kb free=117954Kb
 bounds [0x000001cd68f20000, 0x000001cd69190000, 0x000001cd70450000]
CodeHeap 'profiled nmethods': size=120000Kb used=9247Kb max_used=9247Kb free=110752Kb
 bounds [0x000001cd619f0000, 0x000001cd62300000, 0x000001cd68f20000]
CodeHeap 'non-nmethods': size=5760Kb used=1483Kb max_used=1536Kb free=4276Kb
 bounds [0x000001cd61450000, 0x000001cd616c0000, 0x000001cd619f0000]
 total_blobs=6439 nmethods=4388 adapters=733
 compilation: enabled
              stopped_count=0, restarted_count=0
 full_count=0

Compilation events (20 events):
Event: 38.989 Thread 0x000001cd77c07000 4382       3       javafx.scene.Node::processCSS (103 bytes)
Event: 38.990 Thread 0x000001cd77c07000 nmethod 4382 0x000001cd622f3e10 code [0x000001cd622f4060, 0x000001cd622f4a98]
Event: 38.992 Thread 0x000001cd77c07000 4383       3       javafx.scene.layout.VBox$$Lambda$601/0x0000000800ddb040::call (8 bytes)
Event: 38.993 Thread 0x000001cd77c07000 nmethod 4383 0x000001cd622f4d90 code [0x000001cd622f4f80, 0x000001cd622f5608]
Event: 38.994 Thread 0x000001cd77c07000 4384       1       javafx.scene.Node::isResizable (2 bytes)
Event: 38.995 Thread 0x000001cd77c07000 nmethod 4384 0x000001cd6911ef10 code [0x000001cd6911f0a0, 0x000001cd6911f178]
Event: 38.997 Thread 0x000001cd77c07000 4385       3       javafx.scene.text.Text::getTextOrigin (29 bytes)
Event: 38.998 Thread 0x000001cd77c07000 nmethod 4385 0x000001cd622f5810 code [0x000001cd622f59e0, 0x000001cd622f5e28]
Event: 38.998 Thread 0x000001cd77c07000 4386       3       javafx.scene.text.Text::getY (19 bytes)
Event: 38.999 Thread 0x000001cd77c07000 nmethod 4386 0x000001cd622f5f90 code [0x000001cd622f6140, 0x000001cd622f64e8]
Event: 38.999 Thread 0x000001cd77c07000 4387   !   3       com.sun.javafx.application.PlatformImpl::waitForStart (26 bytes)
Event: 39.000 Thread 0x000001cd77c07000 nmethod 4387 0x000001cd622f6610 code [0x000001cd622f67e0, 0x000001cd622f6bd8]
Event: 39.000 Thread 0x000001cd77c07000 4388       3       com.sun.javafx.application.PlatformImpl$$Lambda$113/0x0000000800bea440::get$Lambda (10 bytes)
Event: 39.001 Thread 0x000001cd77c07000 nmethod 4388 0x000001cd622f6d90 code [0x000001cd622f6f40, 0x000001cd622f71f8]
Event: 39.001 Thread 0x000001cd77c07000 4389       3       com.sun.javafx.application.PlatformImpl$$Lambda$113/0x0000000800bea440::run (12 bytes)
Event: 39.001 Thread 0x000001cd77c07000 nmethod 4389 0x000001cd622f7310 code [0x000001cd622f74c0, 0x000001cd622f7608]
Event: 39.269 Thread 0x000001cd77c07000 4390       3       java.lang.Double::compare (54 bytes)
Event: 39.271 Thread 0x000001cd77c07000 nmethod 4390 0x000001cd622f7690 code [0x000001cd622f7860, 0x000001cd622f7e38]
Event: 39.670 Thread 0x000001cd77c07000 4391       1       com.sun.media.jfxmediaimpl.platform.gstreamer.GSTMedia::getNativeMediaRef (5 bytes)
Event: 39.670 Thread 0x000001cd77c07000 nmethod 4391 0x000001cd6911f210 code [0x000001cd6911f3a0, 0x000001cd6911f478]

GC Heap History (16 events):
Event: 0.557 GC heap before
{Heap before GC invocations=0 (full 0):
 garbage-first heap   total 131072K, used 12288K [0x0000000081200000, 0x0000000100000000)
  region size 1024K, 13 young (13312K), 0 survivors (0K)
 Metaspace       used 1443K, capacity 4736K, committed 4864K, reserved 1056768K
  class space    used 144K, capacity 446K, committed 512K, reserved 1048576K
}
Event: 0.563 GC heap after
{Heap after GC invocations=1 (full 0):
 garbage-first heap   total 131072K, used 992K [0x0000000081200000, 0x0000000100000000)
  region size 1024K, 1 young (1024K), 1 survivors (1024K)
 Metaspace       used 1443K, capacity 4736K, committed 4864K, reserved 1056768K
  class space    used 144K, capacity 446K, committed 512K, reserved 1048576K
}
Event: 1.574 GC heap before
{Heap before GC invocations=1 (full 0):
 garbage-first heap   total 131072K, used 19424K [0x0000000081200000, 0x0000000100000000)
  region size 1024K, 19 young (19456K), 1 survivors (1024K)
 Metaspace       used 6368K, capacity 7750K, committed 7808K, reserved 1056768K
  class space    used 683K, capacity 887K, committed 896K, reserved 1048576K
}
Event: 1.581 GC heap after
{Heap after GC invocations=2 (full 0):
 garbage-first heap   total 131072K, used 3714K [0x0000000081200000, 0x0000000100000000)
  region size 1024K, 3 young (3072K), 3 survivors (3072K)
 Metaspace       used 6368K, capacity 7750K, committed 7808K, reserved 1056768K
  class space    used 683K, capacity 887K, committed 896K, reserved 1048576K
}
Event: 2.844 GC heap before
{Heap before GC invocations=2 (full 0):
 garbage-first heap   total 131072K, used 32386K [0x0000000081200000, 0x0000000100000000)
  region size 1024K, 32 young (32768K), 3 survivors (3072K)
 Metaspace       used 14252K, capacity 14946K, committed 15104K, reserved 1062912K
  class space    used 1964K, capacity 2223K, committed 2304K, reserved 1048576K
}
Event: 2.853 GC heap after
{Heap after GC invocations=3 (full 0):
 garbage-first heap   total 131072K, used 6927K [0x0000000081200000, 0x0000000100000000)
  region size 1024K, 4 young (4096K), 4 survivors (4096K)
 Metaspace       used 14252K, capacity 14946K, committed 15104K, reserved 1062912K
  class space    used 1964K, capacity 2223K, committed 2304K, reserved 1048576K
}
Event: 27.341 GC heap before
{Heap before GC invocations=3 (full 0):
 garbage-first heap   total 131072K, used 90895K [0x0000000081200000, 0x0000000100000000)
  region size 1024K, 76 young (77824K), 4 survivors (4096K)
 Metaspace       used 19156K, capacity 20008K, committed 20096K, reserved 1067008K
  class space    used 2580K, capacity 2910K, committed 2944K, reserved 1048576K
}
Event: 27.349 GC heap after
{Heap after GC invocations=4 (full 0):
 garbage-first heap   total 131072K, used 13107K [0x0000000081200000, 0x0000000100000000)
  region size 1024K, 6 young (6144K), 6 survivors (6144K)
 Metaspace       used 19156K, capacity 20008K, committed 20096K, reserved 1067008K
  class space    used 2580K, capacity 2910K, committed 2944K, reserved 1048576K
}
Event: 27.497 GC heap before
{Heap before GC invocations=4 (full 0):
 garbage-first heap   total 131072K, used 31539K [0x0000000081200000, 0x0000000100000000)
  region size 1024K, 25 young (25600K), 6 survivors (6144K)
 Metaspace       used 20205K, capacity 21143K, committed 21296K, reserved 1067008K
  class space    used 2816K, capacity 3200K, committed 3200K, reserved 1048576K
}
Event: 27.504 GC heap after
{Heap after GC invocations=5 (full 0):
 garbage-first heap   total 131072K, used 13766K [0x0000000081200000, 0x0000000100000000)
  region size 1024K, 6 young (6144K), 6 survivors (6144K)
 Metaspace       used 20205K, capacity 21143K, committed 21296K, reserved 1067008K
  class space    used 2816K, capacity 3200K, committed 3200K, reserved 1048576K
}
Event: 30.709 GC heap before
{Heap before GC invocations=6 (full 0):
 garbage-first heap   total 51200K, used 39366K [0x0000000081200000, 0x0000000100000000)
  region size 1024K, 30 young (30720K), 6 survivors (6144K)
 Metaspace       used 21000K, capacity 22062K, committed 22400K, reserved 1069056K
  class space    used 2951K, capacity 3359K, committed 3456K, reserved 1048576K
}
Event: 30.723 GC heap after
{Heap after GC invocations=7 (full 0):
 garbage-first heap   total 51200K, used 15501K [0x0000000081200000, 0x0000000100000000)
  region size 1024K, 2 young (2048K), 2 survivors (2048K)
 Metaspace       used 21000K, capacity 22062K, committed 22400K, reserved 1069056K
  class space    used 2951K, capacity 3359K, committed 3456K, reserved 1048576K
}
Event: 34.832 GC heap before
{Heap before GC invocations=7 (full 0):
 garbage-first heap   total 51200K, used 39053K [0x0000000081200000, 0x0000000100000000)
  region size 1024K, 25 young (25600K), 2 survivors (2048K)
 Metaspace       used 21054K, capacity 22126K, committed 22400K, reserved 1069056K
  class space    used 2951K, capacity 3359K, committed 3456K, reserved 1048576K
}
Event: 34.846 GC heap after
{Heap after GC invocations=8 (full 0):
 garbage-first heap   total 51200K, used 15398K [0x0000000081200000, 0x0000000100000000)
  region size 1024K, 2 young (2048K), 2 survivors (2048K)
 Metaspace       used 21054K, capacity 22126K, committed 22400K, reserved 1069056K
  class space    used 2951K, capacity 3359K, committed 3456K, reserved 1048576K
}
Event: 39.155 GC heap before
{Heap before GC invocations=8 (full 0):
 garbage-first heap   total 51200K, used 39974K [0x0000000081200000, 0x0000000100000000)
  region size 1024K, 26 young (26624K), 2 survivors (2048K)
 Metaspace       used 21095K, capacity 22128K, committed 22400K, reserved 1069056K
  class space    used 2952K, capacity 3359K, committed 3456K, reserved 1048576K
}
Event: 39.170 GC heap after
{Heap after GC invocations=9 (full 0):
 garbage-first heap   total 51200K, used 15359K [0x0000000081200000, 0x0000000100000000)
  region size 1024K, 2 young (2048K), 2 survivors (2048K)
 Metaspace       used 21095K, capacity 22128K, committed 22400K, reserved 1069056K
  class space    used 2952K, capacity 3359K, committed 3456K, reserved 1048576K
}

Deoptimization events (20 events):
Event: 27.806 Thread 0x000001cd78951800 Uncommon trap: trap_request=0xffffffc6 fr.pc=0x000001cd68fce62c relative=0x00000000000004cc
Event: 27.806 Thread 0x000001cd78951800 Uncommon trap: reason=bimorphic_or_optimized_type_check action=maybe_recompile pc=0x000001cd68fce62c method=java.util.Collections$UnmodifiableCollection$1.next()Ljava/lang/Object; @ 4 c2
Event: 27.806 Thread 0x000001cd78951800 DEOPT PACKING pc=0x000001cd68fce62c sp=0x000000ca20cfd650
Event: 27.806 Thread 0x000001cd78951800 DEOPT UNPACKING pc=0x000001cd6149912f sp=0x000000ca20cfd620 mode 2
Event: 27.806 Thread 0x000001cd78951800 Uncommon trap: trap_request=0xffffffc6 fr.pc=0x000001cd68fce62c relative=0x00000000000004cc
Event: 27.806 Thread 0x000001cd78951800 Uncommon trap: reason=bimorphic_or_optimized_type_check action=maybe_recompile pc=0x000001cd68fce62c method=java.util.Collections$UnmodifiableCollection$1.next()Ljava/lang/Object; @ 4 c2
Event: 27.806 Thread 0x000001cd78951800 DEOPT PACKING pc=0x000001cd68fce62c sp=0x000000ca20cfd650
Event: 27.806 Thread 0x000001cd78951800 DEOPT UNPACKING pc=0x000001cd6149912f sp=0x000000ca20cfd620 mode 2
Event: 27.806 Thread 0x000001cd78951800 Uncommon trap: trap_request=0xffffffc6 fr.pc=0x000001cd68fce62c relative=0x00000000000004cc
Event: 27.806 Thread 0x000001cd78951800 Uncommon trap: reason=bimorphic_or_optimized_type_check action=maybe_recompile pc=0x000001cd68fce62c method=java.util.Collections$UnmodifiableCollection$1.next()Ljava/lang/Object; @ 4 c2
Event: 27.807 Thread 0x000001cd78951800 DEOPT PACKING pc=0x000001cd68fce62c sp=0x000000ca20cfd650
Event: 27.807 Thread 0x000001cd78951800 DEOPT UNPACKING pc=0x000001cd6149912f sp=0x000000ca20cfd620 mode 2
Event: 30.374 Thread 0x000001cd78951800 Uncommon trap: trap_request=0xffffff5c fr.pc=0x000001cd690e5148 relative=0x0000000000008828
Event: 30.374 Thread 0x000001cd78951800 Uncommon trap: reason=speculate_null_check action=make_not_entrant pc=0x000001cd690e5148 method=javafx.scene.CssStyleHelper.getStyleHelper(Ljavafx/scene/Node;)Ljavafx/scene/CssStyleHelper; @ 1 c2
Event: 30.374 Thread 0x000001cd78951800 DEOPT PACKING pc=0x000001cd690e5148 sp=0x000000ca20cfd690
Event: 30.374 Thread 0x000001cd78951800 DEOPT UNPACKING pc=0x000001cd6149912f sp=0x000000ca20cfd598 mode 2
Event: 38.987 Thread 0x000001cd78951800 Uncommon trap: trap_request=0xffffff5c fr.pc=0x000001cd690ffc84 relative=0x0000000000008be4
Event: 38.987 Thread 0x000001cd78951800 Uncommon trap: reason=speculate_null_check action=make_not_entrant pc=0x000001cd690ffc84 method=javafx.scene.CssStyleHelper.resolveRef(Ljavafx/css/Styleable;Ljava/lang/String;Lcom/sun/javafx/css/StyleMap;Ljava/util/Set;)Lcom/sun/javafx/css/CascadingStyle;
Event: 38.987 Thread 0x000001cd78951800 DEOPT PACKING pc=0x000001cd690ffc84 sp=0x000000ca20cfd700
Event: 38.987 Thread 0x000001cd78951800 DEOPT UNPACKING pc=0x000001cd6149912f sp=0x000000ca20cfd668 mode 2

Classes unloaded (0 events):
No events

Classes redefined (0 events):
No events

Internal exceptions (20 events):
Event: 3.018 Thread 0x000001cd7861a800 Exception <a 'java/lang/NoSuchMethodError'{0x0000000088c99b08}: 'int java.lang.invoke.DirectMethodHandle$Holder.invokeStaticInit(java.lang.Object, java.lang.Object)'> (0x0000000088c99b08) 
thrown [./open/src/hotspot/share/interpreter/linkResolver.cpp, line 766]
Event: 3.238 Thread 0x000001cd7861a800 Exception <a 'java/lang/NoSuchMethodError'{0x0000000088837678}: 'java.lang.Object java.lang.invoke.DirectMethodHandle$Holder.invokeStaticInit(java.lang.Object, int)'> (0x0000000088837678) 
thrown [./open/src/hotspot/share/interpreter/linkResolver.cpp, line 766]
Event: 5.907 Thread 0x000001cd78951800 Exception <a 'java/lang/NoSuchMethodError'{0x00000000888f3ac0}: 'long java.lang.invoke.DirectMethodHandle$Holder.invokeStatic(java.lang.Object, java.lang.Object, java.lang.Object)'> (0x00000000888f3ac0) 
thrown [./open/src/hotspot/share/interpreter/linkResolver.cpp, line 766]
Event: 5.907 Thread 0x000001cd78951800 Exception <a 'java/lang/NoSuchMethodError'{0x00000000888f6768}: 'long java.lang.invoke.DirectMethodHandle$Holder.invokeStaticInit(java.lang.Object, java.lang.Object, java.lang.Object)'> (0x00000000888f6768) 
thrown [./open/src/hotspot/share/interpreter/linkResolver.cpp, line 766]
Event: 5.913 Thread 0x000001cd78951800 Exception <a 'java/lang/NoSuchMethodError'{0x000000008870afe8}: 'java.lang.Object java.lang.invoke.Invokers$Holder.linkToTargetMethod(java.lang.Object, long, java.lang.Object)'> (0x000000008870afe8) 
thrown [./open/src/hotspot/share/interpreter/linkResolver.cpp, line 766]
Event: 6.052 Thread 0x000001cd78951800 Exception <a 'java/lang/NoSuchMethodError'{0x000000008871b168}: 'java.lang.Object java.lang.invoke.DirectMethodHandle$Holder.invokeStatic(java.lang.Object, java.lang.Object, int, int, int, int, int, java.lang.Object)'> (0x000000008871b168) 
thrown [./open/src/hotspot/share/interpreter/linkResolver.cpp, line 766]
Event: 6.054 Thread 0x000001cd78951800 Exception <a 'java/lang/NoSuchMethodError'{0x000000008872a678}: 'java.lang.Object java.lang.invoke.DirectMethodHandle$Holder.invokeStatic(java.lang.Object, java.lang.Object, java.lang.Object, int, int, int, int, int)'> (0x000000008872a678) 
thrown [./open/src/hotspot/share/interpreter/linkResolver.cpp, line 766]
Event: 6.054 Thread 0x000001cd78951800 Exception <a 'java/lang/NoSuchMethodError'{0x00000000887304f0}: 'java.lang.Object java.lang.invoke.Invokers$Holder.linkToTargetMethod(java.lang.Object, java.lang.Object, int, int, int, int, int, java.lang.Object)'> (0x00000000887304f0) 
thrown [./open/src/hotspot/share/interpreter/linkResolver.cpp, line 766]
Event: 27.143 Thread 0x000001cd78951800 Implicit null exception at 0x000001cd68f7b7e7 to 0x000001cd68f7be08
Event: 27.143 Thread 0x000001cd78951800 Implicit null exception at 0x000001cd68f974e4 to 0x000001cd68f97b20
Event: 27.188 Thread 0x000001cd78951800 Exception <a 'sun/nio/fs/WindowsException'{0x00000000882556e8}> (0x00000000882556e8) 
thrown [./open/src/hotspot/share/prims/jni.cpp, line 599]
Event: 27.191 Thread 0x000001cd78951800 Exception <a 'sun/nio/fs/WindowsException'{0x000000008825a0e0}> (0x000000008825a0e0) 
thrown [./open/src/hotspot/share/prims/jni.cpp, line 599]
Event: 27.193 Thread 0x000001cd78951800 Exception <a 'sun/nio/fs/WindowsException'{0x000000008825e238}> (0x000000008825e238) 
thrown [./open/src/hotspot/share/prims/jni.cpp, line 599]
Event: 27.386 Thread 0x000001cd78951800 Implicit null exception at 0x000001cd6908400a to 0x000001cd6908513c
Event: 27.505 Thread 0x000001cd78951800 Exception <a 'java/lang/NoSuchMethodError'{0x0000000089111c68}: 'void java.lang.invoke.DirectMethodHandle$Holder.invokeSpecialIFC(java.lang.Object, java.lang.Object, java.lang.Object, java.lang.Object)'> (0x0000000089111c68) 
thrown [./open/src/hotspot/share/interpreter/linkResolver.cpp, line 766]
Event: 27.665 Thread 0x000001cd7861a800 Implicit null exception at 0x000001cd690a1f91 to 0x000001cd690a2899
Event: 27.851 Thread 0x000001cd78951800 Exception <a 'java/lang/NoSuchMethodError'{0x0000000083aeed50}: 'void java.lang.invoke.DirectMethodHandle$Holder.invokeSpecial(java.lang.Object, java.lang.Object, double)'> (0x0000000083aeed50) 
thrown [./open/src/hotspot/share/interpreter/linkResolver.cpp, line 766]
Event: 27.851 Thread 0x000001cd78951800 Exception <a 'java/lang/NoSuchMethodError'{0x0000000083af42f8}: 'java.lang.Object java.lang.invoke.DirectMethodHandle$Holder.invokeStatic(java.lang.Object, java.lang.Object, double)'> (0x0000000083af42f8) 
thrown [./open/src/hotspot/share/interpreter/linkResolver.cpp, line 766]
Event: 30.374 Thread 0x000001cd78951800 Implicit null exception at 0x000001cd690de06d to 0x000001cd690e5138
Event: 38.987 Thread 0x000001cd78951800 Implicit null exception at 0x000001cd690f8823 to 0x000001cd690ffc74

Events (20 events):
Event: 39.634 Thread 0x000001cd785a1000 Thread added: 0x000001cd785a1000
Event: 39.635 Thread 0x000001cd785a1000 Thread exited: 0x000001cd785a1000
Event: 39.673 Thread 0x000001cd785a0800 Thread added: 0x000001cd785a0800
Event: 39.673 Thread 0x000001cd785a0800 Thread exited: 0x000001cd785a0800
Event: 39.674 Thread 0x000001cd7859c800 Thread added: 0x000001cd7859c800
Event: 39.674 Thread 0x000001cd7859c800 Thread exited: 0x000001cd7859c800
Event: 39.674 Thread 0x000001cd785a0800 Thread added: 0x000001cd785a0800
Event: 39.707 Thread 0x000001cd785a0800 Thread exited: 0x000001cd785a0800
Event: 39.707 Thread 0x000001cd7859d000 Thread added: 0x000001cd7859d000
Event: 39.707 Thread 0x000001cd7859d000 Thread exited: 0x000001cd7859d000
Event: 39.713 loading class java/io/ObjectInput
Event: 39.713 loading class java/io/ObjectInput done
Event: 39.713 Thread 0x000001cd7859e000 Thread added: 0x000001cd7859e000
Event: 39.713 Thread 0x000001cd7859e000 Thread exited: 0x000001cd7859e000
Event: 39.714 Thread 0x000001cd785a0800 Thread added: 0x000001cd785a0800
Event: 39.714 Thread 0x000001cd785a0800 Thread exited: 0x000001cd785a0800
Event: 39.714 loading class java/io/ObjectOutput
Event: 39.714 loading class java/io/ObjectOutput done
Event: 39.715 loading class java/util/regex/Pattern$SliceI
Event: 39.715 loading class java/util/regex/Pattern$SliceI done


Dynamic libraries:
0x00007ff6e7930000 - 0x00007ff6e793f000 	C:\Program Files\Java\jdk-14.0.1\bin\java.exe
0x00007ffff13b0000 - 0x00007ffff159d000 	C:\Windows\SYSTEM32\ntdll.dll
0x00007ffff1130000 - 0x00007ffff11e3000 	C:\Windows\System32\KERNEL32.DLL
0x00007fffede20000 - 0x00007fffee0b5000 	C:\Windows\System32\KERNELBASE.dll
0x00007fffee3a0000 - 0x00007fffee49a000 	C:\Windows\System32\ucrtbase.dll
0x00007fffe7f10000 - 0x00007fffe7f28000 	C:\Program Files\Java\jdk-14.0.1\bin\jli.dll
0x00007fffeede0000 - 0x00007fffeee83000 	C:\Windows\System32\ADVAPI32.dll
0x00007fffee810000 - 0x00007fffee8ae000 	C:\Windows\System32\msvcrt.dll
0x00007ffff0420000 - 0x00007ffff04be000 	C:\Windows\System32\sechost.dll
0x00007ffff1250000 - 0x00007ffff1372000 	C:\Windows\System32\RPCRT4.dll
0x00007fffee8b0000 - 0x00007fffeea47000 	C:\Windows\System32\USER32.dll
0x00007fffee380000 - 0x00007fffee3a0000 	C:\Windows\System32\win32u.dll
0x00007fffeee90000 - 0x00007fffeeeb9000 	C:\Windows\System32\GDI32.dll
0x00007fffee1e0000 - 0x00007fffee37a000 	C:\Windows\System32\gdi32full.dll
0x00007fffee0c0000 - 0x00007fffee160000 	C:\Windows\System32\msvcp_win.dll
0x00007fffe5560000 - 0x00007fffe5575000 	C:\Program Files\Java\jdk-14.0.1\bin\VCRUNTIME140.dll
0x00007fffdaac0000 - 0x00007fffdad39000 	C:\Windows\WinSxS\amd64_microsoft.windows.common-controls_6595b64144ccf1df_6.0.17763.1282_none_de75b6f253473c0f\COMCTL32.dll
0x00007fffeea50000 - 0x00007fffeed7c000 	C:\Windows\System32\combase.dll
0x00007fffee160000 - 0x00007fffee1de000 	C:\Windows\System32\bcryptPrimitives.dll
0x00007fffd71f0000 - 0x00007fffd71fa000 	C:\Windows\SYSTEM32\VERSION.dll
0x00007fffee7b0000 - 0x00007fffee7de000 	C:\Windows\System32\IMM32.DLL
0x00007fffc35b0000 - 0x00007fffc364b000 	C:\Program Files\Java\jdk-14.0.1\bin\msvcp140.dll
0x00007fff98790000 - 0x00007fff992ae000 	C:\Program Files\Java\jdk-14.0.1\bin\server\jvm.dll
0x00007fffee800000 - 0x00007fffee808000 	C:\Windows\System32\PSAPI.DLL
0x00007fffeaf50000 - 0x00007fffeaf74000 	C:\Windows\SYSTEM32\WINMM.dll
0x00007fffd3f30000 - 0x00007fffd3f39000 	C:\Windows\SYSTEM32\WSOCK32.dll
0x00007ffff0770000 - 0x00007ffff07dd000 	C:\Windows\System32\WS2_32.dll
0x00007fffeaf20000 - 0x00007fffeaf4d000 	C:\Windows\SYSTEM32\WINMMBASE.dll
0x00007fffee4a0000 - 0x00007fffee4ea000 	C:\Windows\System32\cfgmgr32.dll
0x00007fffed3a0000 - 0x00007fffed3b1000 	C:\Windows\System32\kernel.appcore.dll
0x00007fffe9f30000 - 0x00007fffe9f3a000 	C:\Program Files\Java\jdk-14.0.1\bin\jimage.dll
0x00007fffe9b10000 - 0x00007fffe9cfd000 	C:\Windows\SYSTEM32\DBGHELP.DLL
0x00007fffcd270000 - 0x00007fffcd29a000 	C:\Windows\SYSTEM32\dbgcore.DLL
0x00007fffe89c0000 - 0x00007fffe89ce000 	C:\Program Files\Java\jdk-14.0.1\bin\instrument.dll
0x00007fffe3840000 - 0x00007fffe3865000 	C:\Program Files\Java\jdk-14.0.1\bin\java.dll
0x00007fffe3820000 - 0x00007fffe3836000 	C:\Program Files\Java\jdk-14.0.1\bin\zip.dll
0x00007fffeeec0000 - 0x00007ffff03b8000 	C:\Windows\System32\SHELL32.dll
0x00007ffff1080000 - 0x00007ffff1128000 	C:\Windows\System32\shcore.dll
0x00007fffed470000 - 0x00007fffedbbf000 	C:\Windows\System32\windows.storage.dll
0x00007fffed440000 - 0x00007fffed464000 	C:\Windows\System32\profapi.dll
0x00007fffed3c0000 - 0x00007fffed41d000 	C:\Windows\System32\powrprof.dll
0x00007ffff03c0000 - 0x00007ffff0412000 	C:\Windows\System32\shlwapi.dll
0x00007fffede00000 - 0x00007fffede17000 	C:\Windows\System32\cryptsp.dll
0x00007fffe3800000 - 0x00007fffe3819000 	C:\Program Files\Java\jdk-14.0.1\bin\net.dll
0x00007fffe6ee0000 - 0x00007fffe6fd2000 	C:\Windows\SYSTEM32\WINHTTP.dll
0x00007fffecc00000 - 0x00007fffecc67000 	C:\Windows\system32\mswsock.dll
0x00007fffdd8e0000 - 0x00007fffdd8f2000 	C:\Program Files\Java\jdk-14.0.1\bin\nio.dll
0x00007fffe89b0000 - 0x00007fffe89c0000 	C:\Program Files\Java\jdk-14.0.1\bin\verify.dll
0x00007fffe7dc0000 - 0x00007fffe7dda000 	C:\Program Files\JetBrains\IntelliJ IDEA 2020.1.2\bin\breakgen64.dll
0x000001cd573c0000 - 0x000001cd573c3000 	C:\Program Files\JavaFX\javafx-sdk-14.0.1\bin\api-ms-win-core-console-l1-1-0.dll
0x000001cd7a100000 - 0x000001cd7a103000 	C:\Program Files\JavaFX\javafx-sdk-14.0.1\bin\api-ms-win-core-datetime-l1-1-0.dll
0x000001cd7a110000 - 0x000001cd7a113000 	C:\Program Files\JavaFX\javafx-sdk-14.0.1\bin\api-ms-win-core-debug-l1-1-0.dll
0x000001cd7a120000 - 0x000001cd7a123000 	C:\Program Files\JavaFX\javafx-sdk-14.0.1\bin\api-ms-win-core-errorhandling-l1-1-0.dll
0x000001cd7a130000 - 0x000001cd7a134000 	C:\Program Files\JavaFX\javafx-sdk-14.0.1\bin\api-ms-win-core-file-l1-1-0.dll
0x000001cd7a140000 - 0x000001cd7a143000 	C:\Program Files\JavaFX\javafx-sdk-14.0.1\bin\api-ms-win-core-file-l1-2-0.dll
0x000001cd7a150000 - 0x000001cd7a153000 	C:\Program Files\JavaFX\javafx-sdk-14.0.1\bin\api-ms-win-core-file-l2-1-0.dll
0x000001cd7a160000 - 0x000001cd7a163000 	C:\Program Files\JavaFX\javafx-sdk-14.0.1\bin\api-ms-win-core-handle-l1-1-0.dll
0x000001cd7a170000 - 0x000001cd7a173000 	C:\Program Files\JavaFX\javafx-sdk-14.0.1\bin\api-ms-win-core-heap-l1-1-0.dll
0x000001cd7a180000 - 0x000001cd7a183000 	C:\Program Files\JavaFX\javafx-sdk-14.0.1\bin\api-ms-win-core-interlocked-l1-1-0.dll
0x000001cd7a190000 - 0x000001cd7a193000 	C:\Program Files\JavaFX\javafx-sdk-14.0.1\bin\api-ms-win-core-libraryloader-l1-1-0.dll
0x000001cd7a1a0000 - 0x000001cd7a1a3000 	C:\Program Files\JavaFX\javafx-sdk-14.0.1\bin\api-ms-win-core-localization-l1-2-0.dll
0x000001cd7a1b0000 - 0x000001cd7a1b3000 	C:\Program Files\JavaFX\javafx-sdk-14.0.1\bin\api-ms-win-core-memory-l1-1-0.dll
0x000001cd7a1c0000 - 0x000001cd7a1c3000 	C:\Program Files\JavaFX\javafx-sdk-14.0.1\bin\api-ms-win-core-namedpipe-l1-1-0.dll
0x000001cd7a1d0000 - 0x000001cd7a1d3000 	C:\Program Files\JavaFX\javafx-sdk-14.0.1\bin\api-ms-win-core-processenvironment-l1-1-0.dll
0x000001cd7a1e0000 - 0x000001cd7a1e3000 	C:\Program Files\JavaFX\javafx-sdk-14.0.1\bin\api-ms-win-core-processthreads-l1-1-0.dll
0x000001cd7a1f0000 - 0x000001cd7a1f3000 	C:\Program Files\JavaFX\javafx-sdk-14.0.1\bin\api-ms-win-core-processthreads-l1-1-1.dll
0x000001cd7a200000 - 0x000001cd7a203000 	C:\Program Files\JavaFX\javafx-sdk-14.0.1\bin\api-ms-win-core-profile-l1-1-0.dll
0x000001cd7a210000 - 0x000001cd7a213000 	C:\Program Files\JavaFX\javafx-sdk-14.0.1\bin\api-ms-win-core-rtlsupport-l1-1-0.dll
0x000001cd7a220000 - 0x000001cd7a223000 	C:\Program Files\JavaFX\javafx-sdk-14.0.1\bin\api-ms-win-core-string-l1-1-0.dll
0x000001cd7a230000 - 0x000001cd7a233000 	C:\Program Files\JavaFX\javafx-sdk-14.0.1\bin\api-ms-win-core-synch-l1-1-0.dll
0x000001cd7a240000 - 0x000001cd7a243000 	C:\Program Files\JavaFX\javafx-sdk-14.0.1\bin\api-ms-win-core-synch-l1-2-0.dll
0x000001cd7a250000 - 0x000001cd7a253000 	C:\Program Files\JavaFX\javafx-sdk-14.0.1\bin\api-ms-win-core-sysinfo-l1-1-0.dll
0x000001cd7a260000 - 0x000001cd7a263000 	C:\Program Files\JavaFX\javafx-sdk-14.0.1\bin\api-ms-win-core-timezone-l1-1-0.dll
0x000001cd7a270000 - 0x000001cd7a273000 	C:\Program Files\JavaFX\javafx-sdk-14.0.1\bin\api-ms-win-core-util-l1-1-0.dll
0x000001cd7a280000 - 0x000001cd7a283000 	C:\Program Files\JavaFX\javafx-sdk-14.0.1\bin\api-ms-win-crt-conio-l1-1-0.dll
0x000001cd7a290000 - 0x000001cd7a294000 	C:\Program Files\JavaFX\javafx-sdk-14.0.1\bin\api-ms-win-crt-convert-l1-1-0.dll
0x000001cd7a2a0000 - 0x000001cd7a2a3000 	C:\Program Files\JavaFX\javafx-sdk-14.0.1\bin\api-ms-win-crt-environment-l1-1-0.dll
0x000001cd7a2b0000 - 0x000001cd7a2b3000 	C:\Program Files\JavaFX\javafx-sdk-14.0.1\bin\api-ms-win-crt-filesystem-l1-1-0.dll
0x000001cd7a2c0000 - 0x000001cd7a2c3000 	C:\Program Files\JavaFX\javafx-sdk-14.0.1\bin\api-ms-win-crt-heap-l1-1-0.dll
0x000001cd7a2d0000 - 0x000001cd7a2d3000 	C:\Program Files\JavaFX\javafx-sdk-14.0.1\bin\api-ms-win-crt-locale-l1-1-0.dll
0x000001cd7a2e0000 - 0x000001cd7a2e5000 	C:\Program Files\JavaFX\javafx-sdk-14.0.1\bin\api-ms-win-crt-math-l1-1-0.dll
0x000001cd7a2f0000 - 0x000001cd7a2f5000 	C:\Program Files\JavaFX\javafx-sdk-14.0.1\bin\api-ms-win-crt-multibyte-l1-1-0.dll
0x000001cd7a300000 - 0x000001cd7a310000 	C:\Program Files\JavaFX\javafx-sdk-14.0.1\bin\api-ms-win-crt-private-l1-1-0.dll
0x000001cd7a310000 - 0x000001cd7a313000 	C:\Program Files\JavaFX\javafx-sdk-14.0.1\bin\api-ms-win-crt-process-l1-1-0.dll
0x000001cd7a320000 - 0x000001cd7a324000 	C:\Program Files\JavaFX\javafx-sdk-14.0.1\bin\api-ms-win-crt-runtime-l1-1-0.dll
0x000001cd7a330000 - 0x000001cd7a334000 	C:\Program Files\JavaFX\javafx-sdk-14.0.1\bin\api-ms-win-crt-stdio-l1-1-0.dll
0x000001cd7a340000 - 0x000001cd7a344000 	C:\Program Files\JavaFX\javafx-sdk-14.0.1\bin\api-ms-win-crt-string-l1-1-0.dll
0x000001cd7a350000 - 0x000001cd7a353000 	C:\Program Files\JavaFX\javafx-sdk-14.0.1\bin\api-ms-win-crt-time-l1-1-0.dll
0x000001cd7a360000 - 0x000001cd7a363000 	C:\Program Files\JavaFX\javafx-sdk-14.0.1\bin\api-ms-win-crt-utility-l1-1-0.dll
0x00007fffc5b80000 - 0x00007fffc5c7c000 	C:\Program Files\JavaFX\javafx-sdk-14.0.1\bin\ucrtbase.dll
0x00007fffe7da0000 - 0x00007fffe7db5000 	C:\Program Files\JavaFX\javafx-sdk-14.0.1\bin\vcruntime140.dll
0x00007fffc5ae0000 - 0x00007fffc5b7b000 	C:\Program Files\JavaFX\javafx-sdk-14.0.1\bin\msvcp140.dll
0x00007fffdd910000 - 0x00007fffdd961000 	C:\Program Files\JavaFX\javafx-sdk-14.0.1\bin\concrt140.dll
0x00007fffe7d70000 - 0x00007fffe7d93000 	C:\Program Files\JavaFX\javafx-sdk-14.0.1\bin\prism_d3d.dll
0x00007fffc9120000 - 0x00007fffc92be000 	C:\Windows\system32\d3d9.dll
0x00007fffeb9f0000 - 0x00007fffeba1e000 	C:\Windows\SYSTEM32\dwmapi.dll
0x00007fffedbc0000 - 0x00007fffedd9c000 	C:\Windows\System32\CRYPT32.dll
0x00007fffed420000 - 0x00007fffed432000 	C:\Windows\System32\MSASN1.dll
0x00007fffeb770000 - 0x00007fffeb80c000 	C:\Windows\system32\uxtheme.dll
0x00007fffc5570000 - 0x00007fffc575b000 	C:\Windows\System32\DriverStore\FileRepository\64kb6293.inf_amd64_39b4ad25645d83f0\igdumdim64.dll
0x00007fffa36f0000 - 0x00007fffa6c6d000 	C:\Windows\System32\DriverStore\FileRepository\64kb6293.inf_amd64_39b4ad25645d83f0\igd9dxva64.dll
0x00007fffee5d0000 - 0x00007fffee725000 	C:\Windows\System32\ole32.dll
0x00007ffff08d0000 - 0x00007ffff0994000 	C:\Windows\System32\OLEAUT32.dll
0x00007fffd3900000 - 0x00007fffd3945000 	C:\Program Files\JavaFX\javafx-sdk-14.0.1\bin\glass.dll
0x00007ffff04d0000 - 0x00007ffff05f7000 	C:\Windows\System32\COMDLG32.dll
0x00007ffff0600000 - 0x00007ffff076d000 	C:\Windows\System32\MSCTF.dll
0x00007fffd5110000 - 0x00007fffd5134000 	C:\Windows\System32\DriverStore\FileRepository\64kb6293.inf_amd64_39b4ad25645d83f0\igdinfo64.dll
0x00007fffbdad0000 - 0x00007fffbf9d1000 	C:\Windows\System32\DriverStore\FileRepository\64kb6293.inf_amd64_39b4ad25645d83f0\igc64.dll
0x00007fffe7960000 - 0x00007fffe7974000 	C:\Program Files\JavaFX\javafx-sdk-14.0.1\bin\javafx_font.dll
0x00007fffe1620000 - 0x00007fffe191c000 	C:\Windows\SYSTEM32\dwrite.dll
0x00007ffff0b50000 - 0x00007ffff0bf2000 	C:\Windows\System32\clbcatq.dll
0x00007fffe8e60000 - 0x00007fffe9018000 	C:\Windows\SYSTEM32\WindowsCodecs.dll
0x00007fffe7eb0000 - 0x00007fffe7f06000 	C:\Windows\system32\dataexchange.dll
0x00007fffead50000 - 0x00007fffeaf13000 	C:\Windows\system32\dcomp.dll
0x00007fffea510000 - 0x00007fffea78e000 	C:\Windows\system32\d3d11.dll
0x00007fffec0a0000 - 0x00007fffec162000 	C:\Windows\system32\dxgi.dll
0x00007fffebb00000 - 0x00007fffebd14000 	C:\Windows\system32\twinapi.appcore.dll
0x00007fffebad0000 - 0x00007fffebaf8000 	C:\Windows\system32\RMCLIENT.dll
0x00007fffe38d0000 - 0x00007fffe3903000 	C:\Program Files\Common Files\Microsoft Shared\Ink\rtscom.dll
0x00007fffe8850000 - 0x00007fffe88e5000 	C:\Windows\System32\TextInputFramework.dll
0x00007fffeb2e0000 - 0x00007fffeb3c2000 	C:\Windows\System32\CoreMessaging.dll
0x00007fffe9190000 - 0x00007fffe94b2000 	C:\Windows\System32\CoreUIComponents.dll
0x00007fffec3f0000 - 0x00007fffec421000 	C:\Windows\SYSTEM32\ntmarta.dll
0x00007fffe9020000 - 0x00007fffe9173000 	C:\Windows\SYSTEM32\wintypes.dll
0x00007fffe4890000 - 0x00007fffe48fc000 	C:\Windows\system32\Oleacc.dll
0x00007fffc3be0000 - 0x00007fffc3c8a000 	C:\Program Files\JavaFX\javafx-sdk-14.0.1\bin\glib-lite.dll
0x00007fffc3780000 - 0x00007fffc3862000 	C:\Program Files\JavaFX\javafx-sdk-14.0.1\bin\gstreamer-lite.dll
0x00007fffc7fd0000 - 0x00007fffc8066000 	C:\Windows\SYSTEM32\DSOUND.dll

dbghelp: loaded successfully - version: 4.0.5 - missing functions: none
symbol engine: initialized successfully - sym options: 0x614 - pdb path: .;C:\Program Files\Java\jdk-14.0.1\bin;C:\Windows\SYSTEM32;C:\Windows\WinSxS\amd64_microsoft.windows.common-controls_6595b64144ccf1df_6.0.17763.1282_none_de75b6f253473c0f;C:\Program Files\Java\jdk-14.0.1\bin\server;C:\Program Files\JetBrains\IntelliJ IDEA 2020.1.2\bin;C:\Program Files\JavaFX\javafx-sdk-14.0.1\bin;C:\Windows\System32\DriverStore\FileRepository\64kb6293.inf_amd64_39b4ad25645d83f0;C:\Program Files\Common Files\Microsoft Shared\Ink

VM Arguments:
jvm_args: --add-modules=javafx.base,javafx.graphics --add-reads=javafx.base=ALL-UNNAMED --add-reads=javafx.graphics=ALL-UNNAMED -javaagent:C:\Program Files\JetBrains\IntelliJ IDEA 2020.1.2\lib\idea_rt.jar=54499:C:\Program Files\JetBrains\IntelliJ IDEA 2020.1.2\bin -Dfile.encoding=UTF-8 --module-path=C:\Program Files\JavaFX\javafx-sdk-14.0.1\lib\javafx.base.jar;C:\Program Files\JavaFX\javafx-sdk-14.0.1\lib\javafx.graphics.jar;C:\Users\Reel\Desktop\SUT\982\Advanced Programming\AP_PROJECT\New\target\classes;C:\Program Files\JavaFX\javafx-sdk-14.0.1\lib\javafx-swt.jar;C:\Program Files\JavaFX\javafx-sdk-14.0.1\lib\javafx.controls.jar;C:\Program Files\JavaFX\javafx-sdk-14.0.1\lib\javafx.fxml.jar;C:\Program Files\JavaFX\javafx-sdk-14.0.1\lib\javafx.media.jar;C:\Program Files\JavaFX\javafx-sdk-14.0.1\lib\javafx.swing.jar;C:\Program Files\JavaFX\javafx-sdk-14.0.1\lib\javafx.web.jar;C:\Users\Reel\Downloads\jfoenix-9.0.10.jar;C:\Users\Reel\Downloads\Documents\kotlin-stdlib-1.2.42.jar;C:\Users\Reel\Downloads\Documents\annotations-13.0.jar;C:\Users\Reel\.m2\repository\org\apache\maven\plugins\maven-compiler-plugin\3.8.1\maven-compiler-plugin-3.8.1.jar;C:\Users\Reel\.m2\repository\org\apache\maven\maven-plugin-api\3.0\maven-plugin-api-3.0.jar;C:\Users\Reel\.m2\repository\org\apache\maven\maven-model\3.0\maven-model-3.0.jar;C:\Users\Reel\.m2\repository\org\sonatype\sisu\sisu-inject-plexus\1.4.2\sisu-inject-plexus-1.4.2.jar;C:\Users\Reel\.m2\repository\org\sonatype\sisu\sisu-inject-bean\1.4.2\sisu-inject-bean-1.4.2.jar;C:\Users\Reel\.m2\repository\org\sonatype\sisu\sisu-guice\2.1.7\sisu-guice-2.1.7-noaop.jar;C:\Users\Reel\.m2\repository\org\apache\maven\maven-artifact\3.0\maven-artifact-3.0.jar;C:\Users\Reel\.m2\repository\org\codehaus\plexus\plexus-utils\2.0.4\plexus-utils-2.0.4.jar;C:\Users\Reel\.m2\repository\org\apache\maven\maven-core\3.0\maven-core-3.0.jar;C:\Users\Reel\.m2\repository\org\apache\maven\maven-settings\3.0\maven-settings-3.0.jar;C:\Users\Reel\.m2\repository\org\apache\maven\maven-settings-builder\3.0\maven-settings-builder-3.0.jar;C:\Users\Reel\.m2\repository\org\apache\maven\maven-repository-metadata\3.0\maven-repository-metadata-3.0.jar;C:\Users\Reel\.m2\repository\org\apache\maven\maven-model-builder\3.0\maven-model-builder-3.0.jar;C:\User-Djdk.module.main=team 
java_command: team/main.Main
java_class_path (initial): <not set>
Launcher Type: SUN_STANDARD

[Global flags]
     intx CICompilerCount                          = 3                                         {product} {ergonomic}
     uint ConcGCThreads                            = 1                                         {product} {ergonomic}
     uint G1ConcRefinementThreads                  = 4                                         {product} {ergonomic}
   size_t G1HeapRegionSize                         = 1048576                                   {product} {ergonomic}
    uintx GCDrainStackTargetSize                   = 64                                        {product} {ergonomic}
   size_t InitialHeapSize                          = 134217728                                 {product} {ergonomic}
   size_t MarkStackSize                            = 4194304                                   {product} {ergonomic}
   size_t MaxHeapSize                              = 2128609280                                {product} {ergonomic}
   size_t MaxNewSize                               = 1277165568                                {product} {ergonomic}
   size_t MinHeapDeltaBytes                        = 1048576                                   {product} {ergonomic}
   size_t MinHeapSize                              = 8388608                                   {product} {ergonomic}
    uintx NonNMethodCodeHeapSize                   = 5832780                                {pd product} {ergonomic}
    uintx NonProfiledCodeHeapSize                  = 122912730                              {pd product} {ergonomic}
    uintx ProfiledCodeHeapSize                     = 122912730                              {pd product} {ergonomic}
    uintx ReservedCodeCacheSize                    = 251658240                              {pd product} {ergonomic}
     bool SegmentedCodeCache                       = true                                      {product} {ergonomic}
   size_t SoftMaxHeapSize                          = 2128609280                             {manageable} {ergonomic}
     bool UseCompressedClassPointers               = true                                 {lp64_product} {ergonomic}
     bool UseCompressedOops                        = true                                 {lp64_product} {ergonomic}
     bool UseG1GC                                  = true                                      {product} {ergonomic}
     bool UseLargePagesIndividualAllocation        = false                                  {pd product} {ergonomic}

Logging:
Log output configuration:
 #0: stdout all=warning uptime,level,tags
 #1: stderr all=off uptime,level,tags

Environment Variables:
PATH=C:\Windows\system32;C:\Windows;C:\Windows\System32\Wbem;C:\Windows\System32\WindowsPowerShell\v1.0\;C:\Windows\System32\OpenSSH\;C:\Program Files\Microsoft VS Code\bin;C:\Program Files\Java\jdk-13.0.2\bin;C:\Program Files\Git\cmd;C:\Users\Reel\AppData\Local\Microsoft\WindowsApps;C:\Users\Reel\AppData\Local\GitHubDesktop\bin
USERNAME=Reel
OS=Windows_NT
PROCESSOR_IDENTIFIER=Intel64 Family 6 Model 142 Stepping 9, GenuineIntel



---------------  S Y S T E M  ---------------

OS: Windows 10 , 64 bit Build 17763 (10.0.17763.1158)
OS uptime: 16 days 14:58 hours

CPU:total 4 (initial active 4) (2 cores per cpu, 2 threads per core) family 6 model 142 stepping 9, cmov, cx8, fxsr, mmx, sse, sse2, sse3, ssse3, sse4.1, sse4.2, popcnt, avx, avx2, aes, clmul, erms, rtm, 3dnowpref, lzcnt, ht, tsc, tscinvbit, bmi1, bmi2, adx, fma

Memory: 4k page, system-wide physical 8117M (1006M free)
TotalPageFile size 12663M (AvailPageFile size 1527M)
current process WorkingSet (physical memory assigned to process): 231M, peak: 294M
current process commit charge ("private bytes"): 279M, peak: 352M

vm_info: Java HotSpot(TM) 64-Bit Server VM (14.0.1+7) for windows-amd64 JRE (14.0.1+7), built on Mar  5 2020 10:30:14 by "mach5one" with MS VC++ 15.9 (VS2017)

END.
