#
# A fatal error has been detected by the Java Runtime Environment:
#
#  EXCEPTION_ACCESS_VIOLATION (0xc0000005) at pc=0x00007fffd3910563, pid=16848, tid=14692
#
# JRE version: Java(TM) SE Runtime Environment (14.0.1+7) (build 14.0.1+7)
# Java VM: Java HotSpot(TM) 64-Bit Server VM (14.0.1+7, mixed mode, sharing, tiered, compressed oops, g1 gc, windows-amd64)
# Problematic frame:
# C  [glass.dll+0x10563]
#
# No core dump will be written. Minidumps are not enabled by default on client versions of Windows
#
# If you would like to submit a bug report, please visit:
#   https://bugreport.java.com/bugreport/crash.jsp
# The crash happened outside the Java Virtual Machine in native code.
# See problematic frame for where to report the bug.
#

---------------  S U M M A R Y ------------

Command Line: --add-modules=javafx.base,javafx.graphics --add-reads=javafx.base=ALL-UNNAMED --add-reads=javafx.graphics=ALL-UNNAMED -javaagent:C:\Program Files\JetBrains\IntelliJ IDEA 2020.1.2\lib\idea_rt.jar=54507:C:\Program Files\JetBrains\IntelliJ IDEA 2020.1.2\bin -Dfile.encoding=UTF-8 --module-path=C:\Program Files\JavaFX\javafx-sdk-14.0.1\lib\javafx.base.jar;C:\Program Files\JavaFX\javafx-sdk-14.0.1\lib\javafx.graphics.jar;C:\Users\Reel\Desktop\SUT\982\Advanced Programming\AP_PROJECT\New\target\classes;C:\Program Files\JavaFX\javafx-sdk-14.0.1\lib\javafx-swt.jar;C:\Program Files\JavaFX\javafx-sdk-14.0.1\lib\javafx.controls.jar;C:\Program Files\JavaFX\javafx-sdk-14.0.1\lib\javafx.fxml.jar;C:\Program Files\JavaFX\javafx-sdk-14.0.1\lib\javafx.media.jar;C:\Program Files\JavaFX\javafx-sdk-14.0.1\lib\javafx.swing.jar;C:\Program Files\JavaFX\javafx-sdk-14.0.1\lib\javafx.web.jar;C:\Users\Reel\Downloads\jfoenix-9.0.10.jar;C:\Users\Reel\Downloads\Documents\kotlin-stdlib-1.2.42.jar;C:\Users\Reel\Downloads\Documents\annotations-13.0.jar;C:\Users\Reel\.m2\repository\org\apache\maven\plugins\maven-compiler-plugin\3.8.1\maven-compiler-plugin-3.8.1.jar;C:\Users\Reel\.m2\repository\org\apache\maven\maven-plugin-api\3.0\maven-plugin-api-3.0.jar;C:\Users\Reel\.m2\repository\org\apache\maven\maven-model\3.0\maven-model-3.0.jar;C:\Users\Reel\.m2\repository\org\sonatype\sisu\sisu-inject-plexus\1.4.2\sisu-inject-plexus-1.4.2.jar;C:\Users\Reel\.m2\repository\org\sonatype\sisu\sisu-inject-bean\1.4.2\sisu-inject-bean-1.4.2.jar;C:\Users\Reel\.m2\repository\org\sonatype\sisu\sisu-guice\2.1.7\sisu-guice-2.1.7-noaop.jar;C:\Users\Reel\.m2\repository\org\apache\maven\maven-artifact\3.0\maven-artifact-3.0.jar;C:\Users\Reel\.m2\repository\org\codehaus\plexus\plexus-utils\2.0.4\plexus-utils-2.0.4.jar;C:\Users\Reel\.m2\repository\org\apache\maven\maven-core\3.0\maven-core-3.0.jar;C:\Users\Reel\.m2\repository\org\apache\maven\maven-settings\3.0\maven-settings-3.0.jar;C:\Users\Reel\.m2\repository\org\apache\maven\maven-settings-builder\3.0\maven-settings-builder-3.0.jar;C:\Users\Reel\.m2\repository\org\apache\maven\maven-repository-metadata\3.0\maven-repository-metadata-3.0.jar;C:\Users\Reel\.m2\repository\org\apache\maven\maven-model-builder\3.0\maven-model-builder-3.0.jar;C:\User-Djdk.module.main=team team/main.Main

Host: Intel(R) Core(TM) i5-7300U CPU @ 2.60GHz, 4 cores, 7G,  Windows 10 , 64 bit Build 17763 (10.0.17763.1158)
Time: Fri Jul  3 17:31:44 2020 Iran Daylight Time elapsed time: 7 seconds (0d 0h 0m 7s)

---------------  T H R E A D  ---------------

Current thread (0x000001967e696000):  JavaThread "JavaFX Application Thread" [_thread_in_native, id=14692, stack(0x0000006feaf00000,0x0000006feb000000)]

Stack: [0x0000006feaf00000,0x0000006feb000000],  sp=0x0000006feaffcbf0,  free space=1010k
Native frames: (J=compiled Java code, j=interpreted, Vv=VM code, C=native code)
C  [glass.dll+0x10563]

Java frames: (J=compiled Java code, j=interpreted, Vv=VM code)
j  com.sun.glass.ui.win.WinSystemClipboard.popMimesFromSystem()[Ljava/lang/String;+0 javafx.graphics
j  com.sun.glass.ui.win.WinSystemClipboard.mimesFromSystem()[Ljava/lang/String;+10 javafx.graphics
j  com.sun.glass.ui.SystemClipboard.getMimeTypes()[Ljava/lang/String;+16 javafx.graphics
j  com.sun.glass.ui.ClipboardAssistance.getMimeTypes()[Ljava/lang/String;+7 javafx.graphics
j  com.sun.javafx.tk.quantum.QuantumClipboard.hasContent(Ljavafx/scene/input/DataFormat;)Z+69 javafx.graphics
j  javafx.scene.input.Clipboard.hasContent(Ljavafx/scene/input/DataFormat;)Z+11 javafx.graphics
j  javafx.scene.input.Clipboard.hasString()Z+4 javafx.graphics
j  javafx.scene.control.TextInputControl.paste()V+5 javafx.controls
j  com.sun.javafx.scene.control.behavior.TextInputControlBehavior.paste()V+12 javafx.controls
j  com.sun.javafx.scene.control.behavior.TextInputControlBehavior.lambda$new$20(Ljavafx/scene/input/KeyEvent;)V+1 javafx.controls
j  com.sun.javafx.scene.control.behavior.TextInputControlBehavior$$Lambda$371.handle(Ljavafx/event/Event;)V+8 javafx.controls
j  com.sun.javafx.scene.control.behavior.TextInputControlBehavior.lambda$keyMapping$62(Ljavafx/event/EventHandler;Ljavafx/scene/input/KeyEvent;)V+7 javafx.controls
j  com.sun.javafx.scene.control.behavior.TextInputControlBehavior$$Lambda$354.handle(Ljavafx/event/Event;)V+12 javafx.controls
j  com.sun.javafx.scene.control.inputmap.InputMap.handle(Ljavafx/event/Event;)V+61 javafx.controls
j  com.sun.javafx.scene.control.inputmap.InputMap$$Lambda$314.handle(Ljavafx/event/Event;)V+5 javafx.controls
j  com.sun.javafx.event.CompositeEventHandler$NormalEventHandlerRecord.handleBubblingEvent(Ljavafx/event/Event;)V+5 javafx.base
j  com.sun.javafx.event.CompositeEventHandler.dispatchBubblingEvent(Ljavafx/event/Event;)V+28 javafx.base
J 3096 c1 com.sun.javafx.event.EventHandlerManager.dispatchBubblingEvent(Ljavafx/event/EventType;Ljavafx/event/Event;)Ljavafx/event/Event; javafx.base (41 bytes) @ 0x0000019668635894 [0x0000019668635220+0x0000000000000674]
j  com.sun.javafx.event.EventHandlerManager.dispatchBubblingEvent(Ljavafx/event/Event;)Ljavafx/event/Event;+8 javafx.base
j  com.sun.javafx.event.CompositeEventDispatcher.dispatchBubblingEvent(Ljavafx/event/Event;)Ljavafx/event/Event;+11 javafx.base
J 2970 c1 com.sun.javafx.event.BasicEventDispatcher.dispatchEvent(Ljavafx/event/Event;Ljavafx/event/EventDispatchChain;)Ljavafx/event/Event; javafx.base (44 bytes) @ 0x000001966860acec [0x000001966860a960+0x000000000000038c]
J 2390 c1 com.sun.javafx.event.EventDispatchChainImpl.dispatchEvent(Ljavafx/event/Event;)Ljavafx/event/Event; javafx.base (101 bytes) @ 0x00000196684fe99c [0x00000196684fe7c0+0x00000000000001dc]
J 2970 c1 com.sun.javafx.event.BasicEventDispatcher.dispatchEvent(Ljavafx/event/Event;Ljavafx/event/EventDispatchChain;)Ljavafx/event/Event; javafx.base (44 bytes) @ 0x000001966860abf4 [0x000001966860a960+0x0000000000000294]
J 2390 c1 com.sun.javafx.event.EventDispatchChainImpl.dispatchEvent(Ljavafx/event/Event;)Ljavafx/event/Event; javafx.base (101 bytes) @ 0x00000196684fe99c [0x00000196684fe7c0+0x00000000000001dc]
J 2970 c1 com.sun.javafx.event.BasicEventDispatcher.dispatchEvent(Ljavafx/event/Event;Ljavafx/event/EventDispatchChain;)Ljavafx/event/Event; javafx.base (44 bytes) @ 0x000001966860abf4 [0x000001966860a960+0x0000000000000294]
J 2390 c1 com.sun.javafx.event.EventDispatchChainImpl.dispatchEvent(Ljavafx/event/Event;)Ljavafx/event/Event; javafx.base (101 bytes) @ 0x00000196684fe99c [0x00000196684fe7c0+0x00000000000001dc]
j  com.sun.javafx.event.EventUtil.fireEventImpl(Ljavafx/event/EventDispatchChain;Ljavafx/event/EventTarget;Ljavafx/event/Event;)Ljavafx/event/Event;+10 javafx.base
j  com.sun.javafx.event.EventUtil.fireEvent(Ljavafx/event/EventTarget;Ljavafx/event/Event;)Ljavafx/event/Event;+46 javafx.base
j  javafx.event.Event.fireEvent(Ljavafx/event/EventTarget;Ljavafx/event/Event;)V+30 javafx.base
j  javafx.scene.Scene$KeyHandler.process(Ljavafx/scene/input/KeyEvent;)V+34 javafx.graphics
j  javafx.scene.Scene.processKeyEvent(Ljavafx/scene/input/KeyEvent;)V+28 javafx.graphics
j  javafx.scene.Scene$ScenePeerListener.keyEvent(Ljavafx/scene/input/KeyEvent;)V+5 javafx.graphics
j  com.sun.javafx.tk.quantum.GlassViewEventHandler$KeyEventNotification.run()Ljava/lang/Void;+357 javafx.graphics
j  com.sun.javafx.tk.quantum.GlassViewEventHandler$KeyEventNotification.run()Ljava/lang/Object;+1 javafx.graphics
J 3145 c1 java.security.AccessController.doPrivileged(Ljava/security/PrivilegedAction;Ljava/security/AccessControlContext;)Ljava/lang/Object; java.base@14.0.1 (17 bytes) @ 0x0000019668649064 [0x0000019668648e80+0x00000000000001e4]
j  com.sun.javafx.tk.quantum.GlassViewEventHandler.lambda$handleKeyEvent$1()Ljava/lang/Void;+11 javafx.graphics
j  com.sun.javafx.tk.quantum.GlassViewEventHandler$$Lambda$782.get()Ljava/lang/Object;+4 javafx.graphics
j  com.sun.javafx.tk.quantum.QuantumToolkit.runWithoutRenderLock(Ljava/util/function/Supplier;)Ljava/lang/Object;+18 javafx.graphics
j  com.sun.javafx.tk.quantum.GlassViewEventHandler.handleKeyEvent(Lcom/sun/glass/ui/View;JII[CI)V+58 javafx.graphics
j  com.sun.glass.ui.View.handleKeyEvent(JII[CI)V+20 javafx.graphics
j  com.sun.glass.ui.View.notifyKey(II[CI)V+9 javafx.graphics
v  ~StubRoutines::call_stub
j  com.sun.glass.ui.win.WinApplication._runLoop(Ljava/lang/Runnable;)V+0 javafx.graphics
j  com.sun.glass.ui.win.WinApplication.lambda$runLoop$3(ILjava/lang/Runnable;)V+8 javafx.graphics
j  com.sun.glass.ui.win.WinApplication$$Lambda$98.run()V+12 javafx.graphics
j  java.lang.Thread.run()V+11 java.base@14.0.1
v  ~StubRoutines::call_stub

siginfo: EXCEPTION_ACCESS_VIOLATION (0xc0000005), reading address 0x0000019609544114


Register to memory mapping:

RIP=0x00007fffd3910563 glass.dll
RAX=0x0000000000000001 is an unknown value
RBX=0x000000000000008b is an unknown value
RCX=0x000001965d220000 points into unknown readable memory: 00 00 00 00 00 00 00 00
RDX=0x000001965d220000 points into unknown readable memory: 00 00 00 00 00 00 00 00
RSP=0x0000006feaffcbf0 is pointing into the stack for thread: 0x000001967e696000
RBP=0x0 is NULL
RSI=0x0000019608061780 points into unknown readable memory: 00 00 00 00 00 00 00 00
RDI=0x00000000000000ff is an unknown value
R8 =0x000001965d121ec0 points into unknown readable memory: 50 0d 12 5d 96 01 00 00
R9 =0x0000000000008000 is an unknown value
R10=0x0000000000000020 is an unknown value
R11=0x0000000000000002 is an unknown value
R12=0x0 is NULL
R13=0x000000000000008b is an unknown value
R14=0x000001960952ffa0 points into unknown readable memory: 43 00 3a 00 5c 00 55 00
R15=0x0000000000014170 is an unknown value


Registers:
RAX=0x0000000000000001, RBX=0x000000000000008b, RCX=0x000001965d220000, RDX=0x000001965d220000
RSP=0x0000006feaffcbf0, RBP=0x0000000000000000, RSI=0x0000019608061780, RDI=0x00000000000000ff
R8 =0x000001965d121ec0, R9 =0x0000000000008000, R10=0x0000000000000020, R11=0x0000000000000002
R12=0x0000000000000000, R13=0x000000000000008b, R14=0x000001960952ffa0, R15=0x0000000000014170
RIP=0x00007fffd3910563, EFLAGS=0x0000000000010202

Top of Stack: (sp=0x0000006feaffcbf0)
0x0000006feaffcbf0:   000000000000008b 0000000000000000
0x0000006feaffcc00:   00000196080613a0 0000019608061780
0x0000006feaffcc10:   00007fff00000000 0000000000000000
0x0000006feaffcc20:   000001960805f720 00000196080613a0
0x0000006feaffcc30:   000001960000008b 0000000000000000
0x0000006feaffcc40:   0000000000000401 0000019608061340
0x0000006feaffcc50:   00000196080615a0 0000019608061860
0x0000006feaffcc60:   0000000000000000 00000196080615e0
0x0000006feaffcc70:   000001960952ffa0 0000000000000000
0x0000006feaffcc80:   3f800000000000ff 000001960805f5c0
0x0000006feaffcc90:   0000000000000091 00000196067808a0
0x0000006feaffcca0:   00000196067828a0 00000196067828a0
0x0000006feaffccb0:   00000000000001ff 0000000000000200
0x0000006feaffccc0:   000001960805f5e0 000001960805f6a0
0x0000006feaffccd0:   000001960805f840 0000000000000000
0x0000006feaffcce0:   000001960805f8c0 0000000000000000 

Instructions: (pc=0x00007fffd3910563)
0x00007fffd3910463:   e8 f8 1a ff ff 41 83 e4 ef 44 89 64 24 20 48 8b
0x00007fffd3910473:   44 24 58 48 85 c0 74 48 b9 ff ff ff ff f0 0f c1
0x00007fffd3910483:   48 10 83 f9 01 75 39 48 8b 5c 24 58 48 8b 0b 48
0x00007fffd3910493:   85 c9 74 09 ff 15 0b 6e 01 00 4c 89 2b 48 8b 4b
0x00007fffd39104a3:   08 48 85 c9 74 09 e8 e2 2a 01 00 4c 89 6b 08 ba
0x00007fffd39104b3:   18 00 00 00 48 8b cb e8 d1 2a 01 00 8b 5c 24 40
0x00007fffd39104c3:   b8 ff ff ff ff f0 0f c1 46 10 83 f8 01 75 31 48
0x00007fffd39104d3:   8b 0e 48 85 c9 74 09 ff 15 c8 6d 01 00 4c 89 2e
0x00007fffd39104e3:   48 8b 4e 08 48 85 c9 74 09 e8 9f 2a 01 00 4c 89
0x00007fffd39104f3:   6e 08 ba 18 00 00 00 48 8b ce e8 8e 2a 01 00 90
0x00007fffd3910503:   b8 ff ff ff ff f0 41 0f c1 46 10 83 f8 01 75 30
0x00007fffd3910513:   49 8b 0e 48 85 c9 74 09 ff 15 87 6d 01 00 4d 89
0x00007fffd3910523:   2e 49 8b 4e 08 48 85 c9 74 09 e8 5e 2a 01 00 4d
0x00007fffd3910533:   89 6e 08 ba 18 00 00 00 49 8b ce e8 4d 2a 01 00
0x00007fffd3910543:   44 8b eb 45 85 ff 75 09 4d 69 fd 50 02 00 00 eb
0x00007fffd3910553:   07 4d 69 fd 4c 01 00 00 4c 8b b4 24 80 00 00 00
0x00007fffd3910563:   43 f6 44 3e 04 40 0f 84 fb 01 00 00 43 8b 44 3e
0x00007fffd3910573:   48 89 84 24 28 01 00 00 43 8b 44 3e 44 89 84 24
0x00007fffd3910583:   2c 01 00 00 41 b9 0a 00 00 00 45 8d 41 36 48 8d
0x00007fffd3910593:   94 24 c0 02 00 00 48 8b 8c 24 28 01 00 00 ff 15
0x00007fffd39105a3:   89 6d 01 00 b9 18 00 00 00 e8 a3 29 01 00 4c 8b
0x00007fffd39105b3:   f0 48 89 84 24 c0 01 00 00 33 db 48 85 c0 74 27
0x00007fffd39105c3:   48 89 58 08 c7 40 10 01 00 00 00 48 8d 8c 24 c0
0x00007fffd39105d3:   02 00 00 ff 15 d4 6c 01 00 49 89 06 48 85 c0 0f
0x00007fffd39105e3:   84 01 0a 00 00 eb 03 4c 8b f3 4c 89 b4 24 90 01
0x00007fffd39105f3:   00 00 4d 85 f6 0f 84 f6 09 00 00 b9 18 00 00 00
0x00007fffd3910603:   e8 4c 29 01 00 48 8b f0 48 89 84 24 c8 01 00 00
0x00007fffd3910613:   48 85 c0 74 26 48 89 58 08 c7 40 10 01 00 00 00
0x00007fffd3910623:   48 8d 0d 8e 9b 01 00 ff 15 80 6c 01 00 48 89 06
0x00007fffd3910633:   48 85 c0 0f 84 c3 09 00 00 eb 03 48 8b f3 48 89
0x00007fffd3910643:   b4 24 d0 01 00 00 48 85 f6 0f 84 b8 09 00 00 48
0x00007fffd3910653:   89 74 24 60 f0 ff 46 10 83 4c 24 20 20 48 8d 94 


Stack slot to memory mapping:
stack at sp + 0 slots: 0x000000000000008b is an unknown value
stack at sp + 1 slots: 0x0 is NULL
stack at sp + 2 slots: 0x00000196080613a0 points into unknown readable memory: 18 cc 51 09 96 01 00 00
stack at sp + 3 slots: 0x0000019608061780 points into unknown readable memory: 00 00 00 00 00 00 00 00
stack at sp + 4 slots: 0x00007fff00000000 is an unknown value
stack at sp + 5 slots: 0x0 is NULL
stack at sp + 6 slots: 0x000001960805f720 points into unknown readable memory: 60 fd 05 08 96 01 00 00
stack at sp + 7 slots: 0x00000196080613a0 points into unknown readable memory: 18 cc 51 09 96 01 00 00


---------------  P R O C E S S  ---------------

Threads class SMR info:
_java_thread_list=0x00000196065ab4c0, length=22, elements={
0x000001965f2f4000, 0x000001967dae6000, 0x000001967dae8000, 0x000001967db00000,
0x000001967db03000, 0x000001967db04000, 0x000001967db06000, 0x000001967db07800,
0x000001967db38000, 0x000001967daca800, 0x000001967ea70800, 0x000001967ecbe800,
0x000001967e55e800, 0x000001967ee5e800, 0x000001967e696000, 0x00000196060d2800,
0x0000019606158000, 0x00000196075ae800, 0x0000019606a0e000, 0x000001960646c800,
0x0000019606471000, 0x000001960646d000
}

Java Threads: ( => current thread )
  0x000001965f2f4000 JavaThread "main" [_thread_blocked, id=15940, stack(0x0000006fe9800000,0x0000006fe9900000)]
  0x000001967dae6000 JavaThread "Reference Handler" daemon [_thread_blocked, id=9844, stack(0x0000006fe9f00000,0x0000006fea000000)]
  0x000001967dae8000 JavaThread "Finalizer" daemon [_thread_blocked, id=15624, stack(0x0000006fea000000,0x0000006fea100000)]
  0x000001967db00000 JavaThread "Signal Dispatcher" daemon [_thread_blocked, id=13280, stack(0x0000006fea100000,0x0000006fea200000)]
  0x000001967db03000 JavaThread "Attach Listener" daemon [_thread_blocked, id=15288, stack(0x0000006fea200000,0x0000006fea300000)]
  0x000001967db04000 JavaThread "Service Thread" daemon [_thread_blocked, id=16564, stack(0x0000006fea300000,0x0000006fea400000)]
  0x000001967db06000 JavaThread "C2 CompilerThread0" daemon [_thread_blocked, id=16120, stack(0x0000006fea400000,0x0000006fea500000)]
  0x000001967db07800 JavaThread "C1 CompilerThread0" daemon [_thread_blocked, id=12720, stack(0x0000006fea500000,0x0000006fea600000)]
  0x000001967db38000 JavaThread "Sweeper thread" daemon [_thread_blocked, id=17132, stack(0x0000006fea600000,0x0000006fea700000)]
  0x000001967daca800 JavaThread "Common-Cleaner" daemon [_thread_blocked, id=16740, stack(0x0000006fea700000,0x0000006fea800000)]
  0x000001967ea70800 JavaThread "Monitor Ctrl-Break" daemon [_thread_in_native, id=16868, stack(0x0000006fea900000,0x0000006feaa00000)]
  0x000001967ecbe800 JavaThread "Notification Thread" daemon [_thread_blocked, id=14480, stack(0x0000006feaa00000,0x0000006feab00000)]
  0x000001967e55e800 JavaThread "QuantumRenderer-0" daemon [_thread_blocked, id=14920, stack(0x0000006fea800000,0x0000006fea900000)]
  0x000001967ee5e800 JavaThread "InvokeLaterDispatcher" daemon [_thread_blocked, id=15112, stack(0x0000006feae00000,0x0000006feaf00000)]
=>0x000001967e696000 JavaThread "JavaFX Application Thread" [_thread_in_native, id=14692, stack(0x0000006feaf00000,0x0000006feb000000)]
  0x00000196060d2800 JavaThread "Thread-1" daemon [_thread_in_native, id=8504, stack(0x0000006feb400000,0x0000006feb500000)]
  0x0000019606158000 JavaThread "JavaFX-Launcher" [_thread_blocked, id=12584, stack(0x0000006feb600000,0x0000006feb700000)]
  0x00000196075ae800 JavaThread "Prism Font Disposer" daemon [_thread_blocked, id=17296, stack(0x0000006feba00000,0x0000006febb00000)]
  0x0000019606a0e000 JavaThread "Cleaner-0" daemon [_thread_blocked, id=14424, stack(0x0000006febb00000,0x0000006febc00000)]
  0x000001960646c800 JavaThread "JFXMedia Player EventQueueThread" daemon [_thread_blocked, id=16236, stack(0x0000006febc00000,0x0000006febd00000)]
  0x0000019606471000 JavaThread "Media Resource Disposer" daemon [_thread_blocked, id=11848, stack(0x0000006fec500000,0x0000006fec600000)]
  0x000001960646d000 JavaThread "Timer-0" daemon [_thread_blocked, id=940, stack(0x0000006fec600000,0x0000006fec700000)]

Other Threads:
  0x000001967dae3800 VMThread "VM Thread" [stack: 0x0000006fe9e00000,0x0000006fe9f00000] [id=13408]
  0x000001967ecbf000 WatcherThread [stack: 0x0000006feab00000,0x0000006feac00000] [id=16660]
  0x000001965f337000 GCTaskThread "GC Thread#0" [stack: 0x0000006fe9900000,0x0000006fe9a00000] [id=1744]
  0x000001967e72a000 GCTaskThread "GC Thread#1" [stack: 0x0000006feac00000,0x0000006fead00000] [id=16972]
  0x000001967e72b000 GCTaskThread "GC Thread#2" [stack: 0x0000006fead00000,0x0000006feae00000] [id=7440]
  0x0000019606151800 GCTaskThread "GC Thread#3" [stack: 0x0000006feb300000,0x0000006feb400000] [id=15300]
  0x000001965f34a800 ConcurrentGCThread "G1 Main Marker" [stack: 0x0000006fe9a00000,0x0000006fe9b00000] [id=3828]
  0x000001965f34b800 ConcurrentGCThread "G1 Conc#0" [stack: 0x0000006fe9b00000,0x0000006fe9c00000] [id=16656]
  0x000001965f3bd000 ConcurrentGCThread "G1 Refine#0" [stack: 0x0000006fe9c00000,0x0000006fe9d00000] [id=7152]
  0x000001965f3be800 ConcurrentGCThread "G1 Young RemSet Sampling" [stack: 0x0000006fe9d00000,0x0000006fe9e00000] [id=7852]

Threads with active compile tasks:

VM state:not at safepoint (normal execution)

VM Mutex/Monitor currently owned by a thread: None

Heap address: 0x0000000081200000, size: 2030 MB, Compressed Oops mode: 32-bit
Narrow klass base: 0x0000000800000000, Narrow klass shift: 3
Compressed class space size: 1073741824 Address: 0x0000000800b30000

Heap:
 garbage-first heap   total 131072K, used 54749K [0x0000000081200000, 0x0000000100000000)
  region size 1024K, 46 young (47104K), 5 survivors (5120K)
 Metaspace       used 20037K, capacity 21149K, committed 21296K, reserved 1067008K
  class space    used 2942K, capacity 3376K, committed 3456K, reserved 1048576K
Heap Regions: E=young(eden), S=young(survivor), O=old, HS=humongous(starts), HC=humongous(continues), CS=collection set, F=free, OA=open archive, CA=closed archive, TAMS=top-at-mark-start (previous, next)
|   0|0x0000000081200000, 0x0000000081300000, 0x0000000081300000|100%| O|  |TAMS 0x0000000081200000, 0x0000000081200000| Untracked 
|   1|0x0000000081300000, 0x0000000081400000, 0x0000000081400000|100%| O|  |TAMS 0x0000000081300000, 0x0000000081300000| Untracked 
|   2|0x0000000081400000, 0x0000000081500000, 0x0000000081500000|100%| O|  |TAMS 0x0000000081400000, 0x0000000081400000| Untracked 
|   3|0x0000000081500000, 0x00000000815a1c00, 0x0000000081600000| 63%| O|  |TAMS 0x0000000081500000, 0x0000000081500000| Untracked 
|   4|0x0000000081600000, 0x0000000081700000, 0x0000000081700000|100%|HS|  |TAMS 0x0000000081600000, 0x0000000081600000| Complete 
|   5|0x0000000081700000, 0x0000000081700000, 0x0000000081800000|  0%| F|  |TAMS 0x0000000081700000, 0x0000000081700000| Untracked 
|   6|0x0000000081800000, 0x0000000081900000, 0x0000000081900000|100%|HS|  |TAMS 0x0000000081800000, 0x0000000081800000| Complete 
|   7|0x0000000081900000, 0x0000000081a00000, 0x0000000081a00000|100%|HC|  |TAMS 0x0000000081900000, 0x0000000081900000| Complete 
|   8|0x0000000081a00000, 0x0000000081b00000, 0x0000000081b00000|100%|HS|  |TAMS 0x0000000081a00000, 0x0000000081a00000| Complete 
|   9|0x0000000081b00000, 0x0000000081c00000, 0x0000000081c00000|100%|HC|  |TAMS 0x0000000081b00000, 0x0000000081b00000| Complete 
|  10|0x0000000081c00000, 0x0000000081c00000, 0x0000000081d00000|  0%| F|  |TAMS 0x0000000081c00000, 0x0000000081c00000| Untracked 
|  11|0x0000000081d00000, 0x0000000081d00000, 0x0000000081e00000|  0%| F|  |TAMS 0x0000000081d00000, 0x0000000081d00000| Untracked 
|  12|0x0000000081e00000, 0x0000000081e00000, 0x0000000081f00000|  0%| F|  |TAMS 0x0000000081e00000, 0x0000000081e00000| Untracked 
|  13|0x0000000081f00000, 0x0000000081f00000, 0x0000000082000000|  0%| F|  |TAMS 0x0000000081f00000, 0x0000000081f00000| Untracked 
|  14|0x0000000082000000, 0x0000000082000000, 0x0000000082100000|  0%| F|  |TAMS 0x0000000082000000, 0x0000000082000000| Untracked 
|  15|0x0000000082100000, 0x0000000082100000, 0x0000000082200000|  0%| F|  |TAMS 0x0000000082100000, 0x0000000082100000| Untracked 
|  16|0x0000000082200000, 0x0000000082200000, 0x0000000082300000|  0%| F|  |TAMS 0x0000000082200000, 0x0000000082200000| Untracked 
|  17|0x0000000082300000, 0x0000000082300000, 0x0000000082400000|  0%| F|  |TAMS 0x0000000082300000, 0x0000000082300000| Untracked 
|  18|0x0000000082400000, 0x0000000082400000, 0x0000000082500000|  0%| F|  |TAMS 0x0000000082400000, 0x0000000082400000| Untracked 
|  19|0x0000000082500000, 0x0000000082500000, 0x0000000082600000|  0%| F|  |TAMS 0x0000000082500000, 0x0000000082500000| Untracked 
|  20|0x0000000082600000, 0x0000000082600000, 0x0000000082700000|  0%| F|  |TAMS 0x0000000082600000, 0x0000000082600000| Untracked 
|  21|0x0000000082700000, 0x0000000082700000, 0x0000000082800000|  0%| F|  |TAMS 0x0000000082700000, 0x0000000082700000| Untracked 
|  22|0x0000000082800000, 0x0000000082800000, 0x0000000082900000|  0%| F|  |TAMS 0x0000000082800000, 0x0000000082800000| Untracked 
|  23|0x0000000082900000, 0x0000000082900000, 0x0000000082a00000|  0%| F|  |TAMS 0x0000000082900000, 0x0000000082900000| Untracked 
|  24|0x0000000082a00000, 0x0000000082a00000, 0x0000000082b00000|  0%| F|  |TAMS 0x0000000082a00000, 0x0000000082a00000| Untracked 
|  25|0x0000000082b00000, 0x0000000082b00000, 0x0000000082c00000|  0%| F|  |TAMS 0x0000000082b00000, 0x0000000082b00000| Untracked 
|  26|0x0000000082c00000, 0x0000000082c00000, 0x0000000082d00000|  0%| F|  |TAMS 0x0000000082c00000, 0x0000000082c00000| Untracked 
|  27|0x0000000082d00000, 0x0000000082d00000, 0x0000000082e00000|  0%| F|  |TAMS 0x0000000082d00000, 0x0000000082d00000| Untracked 
|  28|0x0000000082e00000, 0x0000000082e00000, 0x0000000082f00000|  0%| F|  |TAMS 0x0000000082e00000, 0x0000000082e00000| Untracked 
|  29|0x0000000082f00000, 0x0000000082f00000, 0x0000000083000000|  0%| F|  |TAMS 0x0000000082f00000, 0x0000000082f00000| Untracked 
|  30|0x0000000083000000, 0x0000000083000000, 0x0000000083100000|  0%| F|  |TAMS 0x0000000083000000, 0x0000000083000000| Untracked 
|  31|0x0000000083100000, 0x0000000083100000, 0x0000000083200000|  0%| F|  |TAMS 0x0000000083100000, 0x0000000083100000| Untracked 
|  32|0x0000000083200000, 0x0000000083200000, 0x0000000083300000|  0%| F|  |TAMS 0x0000000083200000, 0x0000000083200000| Untracked 
|  33|0x0000000083300000, 0x0000000083300000, 0x0000000083400000|  0%| F|  |TAMS 0x0000000083300000, 0x0000000083300000| Untracked 
|  34|0x0000000083400000, 0x0000000083400000, 0x0000000083500000|  0%| F|  |TAMS 0x0000000083400000, 0x0000000083400000| Untracked 
|  35|0x0000000083500000, 0x0000000083500000, 0x0000000083600000|  0%| F|  |TAMS 0x0000000083500000, 0x0000000083500000| Untracked 
|  36|0x0000000083600000, 0x0000000083600000, 0x0000000083700000|  0%| F|  |TAMS 0x0000000083600000, 0x0000000083600000| Untracked 
|  37|0x0000000083700000, 0x0000000083700000, 0x0000000083800000|  0%| F|  |TAMS 0x0000000083700000, 0x0000000083700000| Untracked 
|  38|0x0000000083800000, 0x0000000083800000, 0x0000000083900000|  0%| F|  |TAMS 0x0000000083800000, 0x0000000083800000| Untracked 
|  39|0x0000000083900000, 0x0000000083900000, 0x0000000083a00000|  0%| F|  |TAMS 0x0000000083900000, 0x0000000083900000| Untracked 
|  40|0x0000000083a00000, 0x0000000083a00000, 0x0000000083b00000|  0%| F|  |TAMS 0x0000000083a00000, 0x0000000083a00000| Untracked 
|  41|0x0000000083b00000, 0x0000000083b00000, 0x0000000083c00000|  0%| F|  |TAMS 0x0000000083b00000, 0x0000000083b00000| Untracked 
|  42|0x0000000083c00000, 0x0000000083c00000, 0x0000000083d00000|  0%| F|  |TAMS 0x0000000083c00000, 0x0000000083c00000| Untracked 
|  43|0x0000000083d00000, 0x0000000083d00000, 0x0000000083e00000|  0%| F|  |TAMS 0x0000000083d00000, 0x0000000083d00000| Untracked 
|  44|0x0000000083e00000, 0x0000000083e00000, 0x0000000083f00000|  0%| F|  |TAMS 0x0000000083e00000, 0x0000000083e00000| Untracked 
|  45|0x0000000083f00000, 0x0000000083f00000, 0x0000000084000000|  0%| F|  |TAMS 0x0000000083f00000, 0x0000000083f00000| Untracked 
|  46|0x0000000084000000, 0x0000000084000000, 0x0000000084100000|  0%| F|  |TAMS 0x0000000084000000, 0x0000000084000000| Untracked 
|  47|0x0000000084100000, 0x00000000841d5988, 0x0000000084200000| 83%| S|CS|TAMS 0x0000000084100000, 0x0000000084100000| Complete 
|  48|0x0000000084200000, 0x0000000084300000, 0x0000000084300000|100%| S|CS|TAMS 0x0000000084200000, 0x0000000084200000| Complete 
|  49|0x0000000084300000, 0x0000000084400000, 0x0000000084400000|100%| S|CS|TAMS 0x0000000084300000, 0x0000000084300000| Complete 
|  50|0x0000000084400000, 0x0000000084500000, 0x0000000084500000|100%| S|CS|TAMS 0x0000000084400000, 0x0000000084400000| Complete 
|  51|0x0000000084500000, 0x0000000084600000, 0x0000000084600000|100%| S|CS|TAMS 0x0000000084500000, 0x0000000084500000| Complete 
|  52|0x0000000084600000, 0x0000000084600000, 0x0000000084700000|  0%| F|  |TAMS 0x0000000084600000, 0x0000000084600000| Untracked 
|  53|0x0000000084700000, 0x0000000084700000, 0x0000000084800000|  0%| F|  |TAMS 0x0000000084700000, 0x0000000084700000| Untracked 
|  54|0x0000000084800000, 0x0000000084800000, 0x0000000084900000|  0%| F|  |TAMS 0x0000000084800000, 0x0000000084800000| Untracked 
|  55|0x0000000084900000, 0x0000000084900000, 0x0000000084a00000|  0%| F|  |TAMS 0x0000000084900000, 0x0000000084900000| Untracked 
|  56|0x0000000084a00000, 0x0000000084a00000, 0x0000000084b00000|  0%| F|  |TAMS 0x0000000084a00000, 0x0000000084a00000| Untracked 
|  57|0x0000000084b00000, 0x0000000084b00000, 0x0000000084c00000|  0%| F|  |TAMS 0x0000000084b00000, 0x0000000084b00000| Untracked 
|  58|0x0000000084c00000, 0x0000000084c00000, 0x0000000084d00000|  0%| F|  |TAMS 0x0000000084c00000, 0x0000000084c00000| Untracked 
|  59|0x0000000084d00000, 0x0000000084d00000, 0x0000000084e00000|  0%| F|  |TAMS 0x0000000084d00000, 0x0000000084d00000| Untracked 
|  60|0x0000000084e00000, 0x0000000084e00000, 0x0000000084f00000|  0%| F|  |TAMS 0x0000000084e00000, 0x0000000084e00000| Untracked 
|  61|0x0000000084f00000, 0x0000000084f00000, 0x0000000085000000|  0%| F|  |TAMS 0x0000000084f00000, 0x0000000084f00000| Untracked 
|  62|0x0000000085000000, 0x0000000085000000, 0x0000000085100000|  0%| F|  |TAMS 0x0000000085000000, 0x0000000085000000| Untracked 
|  63|0x0000000085100000, 0x0000000085100000, 0x0000000085200000|  0%| F|  |TAMS 0x0000000085100000, 0x0000000085100000| Untracked 
|  64|0x0000000085200000, 0x0000000085200000, 0x0000000085300000|  0%| F|  |TAMS 0x0000000085200000, 0x0000000085200000| Untracked 
|  65|0x0000000085300000, 0x0000000085300000, 0x0000000085400000|  0%| F|  |TAMS 0x0000000085300000, 0x0000000085300000| Untracked 
|  66|0x0000000085400000, 0x0000000085400000, 0x0000000085500000|  0%| F|  |TAMS 0x0000000085400000, 0x0000000085400000| Untracked 
|  67|0x0000000085500000, 0x0000000085500000, 0x0000000085600000|  0%| F|  |TAMS 0x0000000085500000, 0x0000000085500000| Untracked 
|  68|0x0000000085600000, 0x0000000085600000, 0x0000000085700000|  0%| F|  |TAMS 0x0000000085600000, 0x0000000085600000| Untracked 
|  69|0x0000000085700000, 0x0000000085700000, 0x0000000085800000|  0%| F|  |TAMS 0x0000000085700000, 0x0000000085700000| Untracked 
|  70|0x0000000085800000, 0x0000000085800000, 0x0000000085900000|  0%| F|  |TAMS 0x0000000085800000, 0x0000000085800000| Untracked 
|  71|0x0000000085900000, 0x0000000085900000, 0x0000000085a00000|  0%| F|  |TAMS 0x0000000085900000, 0x0000000085900000| Untracked 
|  72|0x0000000085a00000, 0x0000000085a00000, 0x0000000085b00000|  0%| F|  |TAMS 0x0000000085a00000, 0x0000000085a00000| Untracked 
|  73|0x0000000085b00000, 0x0000000085b00000, 0x0000000085c00000|  0%| F|  |TAMS 0x0000000085b00000, 0x0000000085b00000| Untracked 
|  74|0x0000000085c00000, 0x0000000085c00000, 0x0000000085d00000|  0%| F|  |TAMS 0x0000000085c00000, 0x0000000085c00000| Untracked 
|  75|0x0000000085d00000, 0x0000000085d00000, 0x0000000085e00000|  0%| F|  |TAMS 0x0000000085d00000, 0x0000000085d00000| Untracked 
|  76|0x0000000085e00000, 0x0000000085e00000, 0x0000000085f00000|  0%| F|  |TAMS 0x0000000085e00000, 0x0000000085e00000| Untracked 
|  77|0x0000000085f00000, 0x0000000085f00000, 0x0000000086000000|  0%| F|  |TAMS 0x0000000085f00000, 0x0000000085f00000| Untracked 
|  78|0x0000000086000000, 0x0000000086000000, 0x0000000086100000|  0%| F|  |TAMS 0x0000000086000000, 0x0000000086000000| Untracked 
|  79|0x0000000086100000, 0x0000000086100000, 0x0000000086200000|  0%| F|  |TAMS 0x0000000086100000, 0x0000000086100000| Untracked 
|  80|0x0000000086200000, 0x0000000086200000, 0x0000000086300000|  0%| F|  |TAMS 0x0000000086200000, 0x0000000086200000| Untracked 
|  81|0x0000000086300000, 0x0000000086300000, 0x0000000086400000|  0%| F|  |TAMS 0x0000000086300000, 0x0000000086300000| Untracked 
|  82|0x0000000086400000, 0x0000000086400000, 0x0000000086500000|  0%| F|  |TAMS 0x0000000086400000, 0x0000000086400000| Untracked 
|  83|0x0000000086500000, 0x0000000086500000, 0x0000000086600000|  0%| F|  |TAMS 0x0000000086500000, 0x0000000086500000| Untracked 
|  84|0x0000000086600000, 0x0000000086600000, 0x0000000086700000|  0%| F|  |TAMS 0x0000000086600000, 0x0000000086600000| Untracked 
|  85|0x0000000086700000, 0x0000000086700000, 0x0000000086800000|  0%| F|  |TAMS 0x0000000086700000, 0x0000000086700000| Untracked 
|  86|0x0000000086800000, 0x0000000086800000, 0x0000000086900000|  0%| F|  |TAMS 0x0000000086800000, 0x0000000086800000| Untracked 
|  87|0x0000000086900000, 0x0000000086979da0, 0x0000000086a00000| 47%| E|  |TAMS 0x0000000086900000, 0x0000000086900000| Complete 
|  88|0x0000000086a00000, 0x0000000086b00000, 0x0000000086b00000|100%| E|CS|TAMS 0x0000000086a00000, 0x0000000086a00000| Complete 
|  89|0x0000000086b00000, 0x0000000086c00000, 0x0000000086c00000|100%| E|CS|TAMS 0x0000000086b00000, 0x0000000086b00000| Complete 
|  90|0x0000000086c00000, 0x0000000086d00000, 0x0000000086d00000|100%| E|CS|TAMS 0x0000000086c00000, 0x0000000086c00000| Complete 
|  91|0x0000000086d00000, 0x0000000086e00000, 0x0000000086e00000|100%| E|CS|TAMS 0x0000000086d00000, 0x0000000086d00000| Complete 
|  92|0x0000000086e00000, 0x0000000086f00000, 0x0000000086f00000|100%| E|CS|TAMS 0x0000000086e00000, 0x0000000086e00000| Complete 
|  93|0x0000000086f00000, 0x0000000087000000, 0x0000000087000000|100%| E|CS|TAMS 0x0000000086f00000, 0x0000000086f00000| Complete 
|  94|0x0000000087000000, 0x0000000087100000, 0x0000000087100000|100%| E|CS|TAMS 0x0000000087000000, 0x0000000087000000| Complete 
|  95|0x0000000087100000, 0x0000000087200000, 0x0000000087200000|100%| E|CS|TAMS 0x0000000087100000, 0x0000000087100000| Complete 
|  96|0x0000000087200000, 0x0000000087300000, 0x0000000087300000|100%| E|CS|TAMS 0x0000000087200000, 0x0000000087200000| Complete 
|  97|0x0000000087300000, 0x0000000087400000, 0x0000000087400000|100%| E|CS|TAMS 0x0000000087300000, 0x0000000087300000| Complete 
|  98|0x0000000087400000, 0x0000000087500000, 0x0000000087500000|100%| E|CS|TAMS 0x0000000087400000, 0x0000000087400000| Complete 
|  99|0x0000000087500000, 0x0000000087600000, 0x0000000087600000|100%| E|CS|TAMS 0x0000000087500000, 0x0000000087500000| Complete 
| 100|0x0000000087600000, 0x0000000087700000, 0x0000000087700000|100%| E|CS|TAMS 0x0000000087600000, 0x0000000087600000| Complete 
| 101|0x0000000087700000, 0x0000000087800000, 0x0000000087800000|100%| E|CS|TAMS 0x0000000087700000, 0x0000000087700000| Complete 
| 102|0x0000000087800000, 0x0000000087900000, 0x0000000087900000|100%| E|CS|TAMS 0x0000000087800000, 0x0000000087800000| Complete 
| 103|0x0000000087900000, 0x0000000087a00000, 0x0000000087a00000|100%| E|CS|TAMS 0x0000000087900000, 0x0000000087900000| Complete 
| 104|0x0000000087a00000, 0x0000000087b00000, 0x0000000087b00000|100%| E|CS|TAMS 0x0000000087a00000, 0x0000000087a00000| Complete 
| 105|0x0000000087b00000, 0x0000000087c00000, 0x0000000087c00000|100%| E|CS|TAMS 0x0000000087b00000, 0x0000000087b00000| Complete 
| 106|0x0000000087c00000, 0x0000000087d00000, 0x0000000087d00000|100%| E|CS|TAMS 0x0000000087c00000, 0x0000000087c00000| Complete 
| 107|0x0000000087d00000, 0x0000000087e00000, 0x0000000087e00000|100%| E|CS|TAMS 0x0000000087d00000, 0x0000000087d00000| Complete 
| 108|0x0000000087e00000, 0x0000000087f00000, 0x0000000087f00000|100%| E|CS|TAMS 0x0000000087e00000, 0x0000000087e00000| Complete 
| 109|0x0000000087f00000, 0x0000000088000000, 0x0000000088000000|100%| E|CS|TAMS 0x0000000087f00000, 0x0000000087f00000| Complete 
| 110|0x0000000088000000, 0x0000000088100000, 0x0000000088100000|100%| E|CS|TAMS 0x0000000088000000, 0x0000000088000000| Complete 
| 111|0x0000000088100000, 0x0000000088200000, 0x0000000088200000|100%| E|CS|TAMS 0x0000000088100000, 0x0000000088100000| Complete 
| 112|0x0000000088200000, 0x0000000088300000, 0x0000000088300000|100%| E|CS|TAMS 0x0000000088200000, 0x0000000088200000| Complete 
| 113|0x0000000088300000, 0x0000000088400000, 0x0000000088400000|100%| E|CS|TAMS 0x0000000088300000, 0x0000000088300000| Complete 
| 114|0x0000000088400000, 0x0000000088500000, 0x0000000088500000|100%| E|CS|TAMS 0x0000000088400000, 0x0000000088400000| Complete 
| 115|0x0000000088500000, 0x0000000088600000, 0x0000000088600000|100%| E|CS|TAMS 0x0000000088500000, 0x0000000088500000| Complete 
| 116|0x0000000088600000, 0x0000000088700000, 0x0000000088700000|100%| E|CS|TAMS 0x0000000088600000, 0x0000000088600000| Complete 
| 117|0x0000000088700000, 0x0000000088800000, 0x0000000088800000|100%| E|CS|TAMS 0x0000000088700000, 0x0000000088700000| Complete 
| 118|0x0000000088800000, 0x0000000088900000, 0x0000000088900000|100%| E|CS|TAMS 0x0000000088800000, 0x0000000088800000| Complete 
| 119|0x0000000088900000, 0x0000000088a00000, 0x0000000088a00000|100%| E|CS|TAMS 0x0000000088900000, 0x0000000088900000| Complete 
| 120|0x0000000088a00000, 0x0000000088b00000, 0x0000000088b00000|100%| E|CS|TAMS 0x0000000088a00000, 0x0000000088a00000| Complete 
| 121|0x0000000088b00000, 0x0000000088c00000, 0x0000000088c00000|100%| E|CS|TAMS 0x0000000088b00000, 0x0000000088b00000| Complete 
| 122|0x0000000088c00000, 0x0000000088d00000, 0x0000000088d00000|100%| E|CS|TAMS 0x0000000088c00000, 0x0000000088c00000| Complete 
| 123|0x0000000088d00000, 0x0000000088e00000, 0x0000000088e00000|100%| E|CS|TAMS 0x0000000088d00000, 0x0000000088d00000| Complete 
| 124|0x0000000088e00000, 0x0000000088f00000, 0x0000000088f00000|100%| E|CS|TAMS 0x0000000088e00000, 0x0000000088e00000| Complete 
| 125|0x0000000088f00000, 0x0000000089000000, 0x0000000089000000|100%| E|CS|TAMS 0x0000000088f00000, 0x0000000088f00000| Complete 
| 126|0x0000000089000000, 0x0000000089100000, 0x0000000089100000|100%| E|CS|TAMS 0x0000000089000000, 0x0000000089000000| Complete 
| 127|0x0000000089100000, 0x0000000089200000, 0x0000000089200000|100%| E|CS|TAMS 0x0000000089100000, 0x0000000089100000| Complete 

Card table byte_map: [0x0000019676e90000,0x0000019677290000] _byte_map_base: 0x0000019676a87000

Marking Bits (Prev, Next): (CMBitMap*) 0x000001965f339b98, (CMBitMap*) 0x000001965f339bd8
 Prev Bits: [0x0000019677690000, 0x0000019679648000)
 Next Bits: [0x0000019679650000, 0x000001967b608000)

Polling page: 0x000001965d180000

Metaspace:

Usage:
  Non-class:     17.36 MB capacity,    16.69 MB ( 96%) used,   563.84 KB (  3%) free+waste,   114.81 KB ( <1%) overhead. 
      Class:      3.30 MB capacity,     2.87 MB ( 87%) used,   372.76 KB ( 11%) free+waste,    60.38 KB (  2%) overhead. 
       Both:     20.65 MB capacity,    19.57 MB ( 95%) used,   936.60 KB (  4%) free+waste,   175.19 KB ( <1%) overhead. 

Virtual space:
  Non-class space:       18.00 MB reserved,      17.42 MB ( 97%) committed 
      Class space:        1.00 GB reserved,       3.38 MB ( <1%) committed 
             Both:        1.02 GB reserved,      20.80 MB (  2%) committed 

Chunk freelists:
   Non-Class:  19.00 KB
       Class:  16.00 KB
        Both:  35.00 KB

MaxMetaspaceSize: 17179869184.00 GB
CompressedClassSpaceSize: 1.00 GB

CodeHeap 'non-profiled nmethods': size=120000Kb used=1582Kb max_used=1582Kb free=118417Kb
 bounds [0x000001966f560000, 0x000001966f7d0000, 0x0000019676a90000]
CodeHeap 'profiled nmethods': size=120000Kb used=6372Kb max_used=6372Kb free=113627Kb
 bounds [0x0000019668030000, 0x0000019668670000, 0x000001966f560000]
CodeHeap 'non-nmethods': size=5760Kb used=1479Kb max_used=1525Kb free=4280Kb
 bounds [0x0000019667a90000, 0x0000019667d00000, 0x0000019668030000]
 total_blobs=4988 nmethods=3220 adapters=730
 compilation: enabled
              stopped_count=0, restarted_count=0
 full_count=0

Compilation events (20 events):
Event: 6.575 Thread 0x000001967db07800 nmethod 3209 0x0000019668662010 code [0x00000196686621c0, 0x0000019668662418]
Event: 6.584 Thread 0x000001967db07800 3211       3       com.sun.prism.impl.ps.BaseShaderContext::updatePerVertexColor (38 bytes)
Event: 6.585 Thread 0x000001967db07800 nmethod 3211 0x0000019668662510 code [0x0000019668662700, 0x0000019668662c28]
Event: 6.585 Thread 0x000001967db07800 3212       1       com.sun.prism.impl.ManagedResource::isPermanent (5 bytes)
Event: 6.585 Thread 0x000001967db07800 nmethod 3212 0x000001966f6e9790 code [0x000001966f6e9920, 0x000001966f6e99f8]
Event: 6.613 Thread 0x000001967db06000 nmethod 3204 0x000001966f6e9f90 code [0x000001966f6ea1e0, 0x000001966f6eaff8]
Event: 6.636 Thread 0x000001967db07800 3214       3       java.lang.Thread::interrupted (23 bytes)
Event: 6.636 Thread 0x000001967db07800 nmethod 3214 0x0000019668662d90 code [0x0000019668662f40, 0x00000196686630c8]
Event: 6.641 Thread 0x000001967db07800 3215       3       java.security.AccessControlContext::optimize (319 bytes)
Event: 6.644 Thread 0x000001967db07800 nmethod 3215 0x0000019668663190 code [0x0000019668663500, 0x0000019668664a58]
Event: 6.667 Thread 0x000001967db07800 3216  s    3       com.sun.javafx.tk.quantum.QuantumToolkit$PulseTask::set (20 bytes)
Event: 6.668 Thread 0x000001967db07800 nmethod 3216 0x0000019668665090 code [0x0000019668665260, 0x0000019668665b48]
Event: 6.716 Thread 0x000001967db07800 3217       1       javafx.scene.Scene::isFocusDirty (5 bytes)
Event: 6.717 Thread 0x000001967db07800 nmethod 3217 0x000001966f6eb610 code [0x000001966f6eb7a0, 0x000001966f6eb878]
Event: 6.811 Thread 0x000001967db07800 3218       3       java.util.concurrent.locks.AbstractQueuedSynchronizer$ConditionObject::signal (34 bytes)
Event: 6.813 Thread 0x000001967db07800 nmethod 3218 0x0000019668665d10 code [0x0000019668665ee0, 0x0000019668666248]
Event: 6.892 Thread 0x000001967db07800 3219       3       java.util.WeakHashMap::putAll (133 bytes)
Event: 6.893 Thread 0x000001967db07800 nmethod 3219 0x0000019668666390 code [0x0000019668666620, 0x0000019668667148]
Event: 6.898 Thread 0x000001967db07800 3220       3       com.sun.javafx.scene.control.inputmap.InputMap::testInterceptor (20 bytes)
Event: 6.899 Thread 0x000001967db07800 nmethod 3220 0x0000019668667410 code [0x00000196686675c0, 0x0000019668667848]

GC Heap History (8 events):
Event: 0.574 GC heap before
{Heap before GC invocations=0 (full 0):
 garbage-first heap   total 131072K, used 12288K [0x0000000081200000, 0x0000000100000000)
  region size 1024K, 13 young (13312K), 0 survivors (0K)
 Metaspace       used 1468K, capacity 4737K, committed 4864K, reserved 1056768K
  class space    used 146K, capacity 446K, committed 512K, reserved 1048576K
}
Event: 0.582 GC heap after
{Heap after GC invocations=1 (full 0):
 garbage-first heap   total 131072K, used 984K [0x0000000081200000, 0x0000000100000000)
  region size 1024K, 1 young (1024K), 1 survivors (1024K)
 Metaspace       used 1468K, capacity 4737K, committed 4864K, reserved 1056768K
  class space    used 146K, capacity 446K, committed 512K, reserved 1048576K
}
Event: 1.616 GC heap before
{Heap before GC invocations=1 (full 0):
 garbage-first heap   total 131072K, used 18392K [0x0000000081200000, 0x0000000100000000)
  region size 1024K, 19 young (19456K), 1 survivors (1024K)
 Metaspace       used 6386K, capacity 7752K, committed 7808K, reserved 1056768K
  class space    used 683K, capacity 887K, committed 896K, reserved 1048576K
}
Event: 1.623 GC heap after
{Heap after GC invocations=2 (full 0):
 garbage-first heap   total 131072K, used 3739K [0x0000000081200000, 0x0000000100000000)
  region size 1024K, 3 young (3072K), 3 survivors (3072K)
 Metaspace       used 6386K, capacity 7752K, committed 7808K, reserved 1056768K
  class space    used 683K, capacity 887K, committed 896K, reserved 1048576K
}
Event: 2.749 GC heap before
{Heap before GC invocations=2 (full 0):
 garbage-first heap   total 131072K, used 30363K [0x0000000081200000, 0x0000000100000000)
  region size 1024K, 30 young (30720K), 3 survivors (3072K)
 Metaspace       used 13827K, capacity 14375K, committed 14720K, reserved 1062912K
  class space    used 1858K, capacity 2073K, committed 2176K, reserved 1048576K
}
Event: 2.757 GC heap after
{Heap after GC invocations=3 (full 0):
 garbage-first heap   total 131072K, used 6744K [0x0000000081200000, 0x0000000100000000)
  region size 1024K, 3 young (3072K), 3 survivors (3072K)
 Metaspace       used 13827K, capacity 14375K, committed 14720K, reserved 1062912K
  class space    used 1858K, capacity 2073K, committed 2176K, reserved 1048576K
}
Event: 5.204 GC heap before
{Heap before GC invocations=3 (full 0):
 garbage-first heap   total 131072K, used 87640K [0x0000000081200000, 0x0000000100000000)
  region size 1024K, 76 young (77824K), 3 survivors (3072K)
 Metaspace       used 17931K, capacity 18855K, committed 19072K, reserved 1064960K
  class space    used 2551K, capacity 2893K, committed 2944K, reserved 1048576K
}
Event: 5.211 GC heap after
{Heap after GC invocations=4 (full 0):
 garbage-first heap   total 131072K, used 12765K [0x0000000081200000, 0x0000000100000000)
  region size 1024K, 5 young (5120K), 5 survivors (5120K)
 Metaspace       used 17931K, capacity 18855K, committed 19072K, reserved 1064960K
  class space    used 2551K, capacity 2893K, committed 2944K, reserved 1048576K
}

Deoptimization events (20 events):
Event: 5.677 Thread 0x000001967e696000 DEOPT PACKING pc=0x000001966f613730 sp=0x0000006feaffd190
Event: 5.677 Thread 0x000001967e696000 DEOPT UNPACKING pc=0x0000019667ad912f sp=0x0000006feaffd160 mode 2
Event: 5.677 Thread 0x000001967e696000 Uncommon trap: trap_request=0xffffffc6 fr.pc=0x000001966f613730 relative=0x00000000000004d0
Event: 5.677 Thread 0x000001967e696000 Uncommon trap: reason=bimorphic_or_optimized_type_check action=maybe_recompile pc=0x000001966f613730 method=java.util.Collections$UnmodifiableCollection$1.next()Ljava/lang/Object; @ 4 c2
Event: 5.677 Thread 0x000001967e696000 DEOPT PACKING pc=0x000001966f613730 sp=0x0000006feaffd190
Event: 5.677 Thread 0x000001967e696000 DEOPT UNPACKING pc=0x0000019667ad912f sp=0x0000006feaffd160 mode 2
Event: 5.678 Thread 0x000001967e696000 Uncommon trap: trap_request=0xffffffc6 fr.pc=0x000001966f613730 relative=0x00000000000004d0
Event: 5.678 Thread 0x000001967e696000 Uncommon trap: reason=bimorphic_or_optimized_type_check action=maybe_recompile pc=0x000001966f613730 method=java.util.Collections$UnmodifiableCollection$1.next()Ljava/lang/Object; @ 4 c2
Event: 5.678 Thread 0x000001967e696000 DEOPT PACKING pc=0x000001966f613730 sp=0x0000006feaffd190
Event: 5.678 Thread 0x000001967e696000 DEOPT UNPACKING pc=0x0000019667ad912f sp=0x0000006feaffd160 mode 2
Event: 5.678 Thread 0x000001967e696000 Uncommon trap: trap_request=0xffffffc6 fr.pc=0x000001966f613730 relative=0x00000000000004d0
Event: 5.678 Thread 0x000001967e696000 Uncommon trap: reason=bimorphic_or_optimized_type_check action=maybe_recompile pc=0x000001966f613730 method=java.util.Collections$UnmodifiableCollection$1.next()Ljava/lang/Object; @ 4 c2
Event: 5.678 Thread 0x000001967e696000 DEOPT PACKING pc=0x000001966f613730 sp=0x0000006feaffd190
Event: 5.678 Thread 0x000001967e696000 DEOPT UNPACKING pc=0x0000019667ad912f sp=0x0000006feaffd160 mode 2
Event: 5.722 Thread 0x000001967e55e800 DEOPT PACKING pc=0x0000019668621010 sp=0x0000006fea8fd590
Event: 5.722 Thread 0x000001967e55e800 DEOPT UNPACKING pc=0x0000019667ad964e sp=0x0000006fea8fca40 mode 0
Event: 6.544 Thread 0x000001967e55e800 DEOPT PACKING pc=0x0000019668621010 sp=0x0000006fea8fd170
Event: 6.544 Thread 0x000001967e55e800 DEOPT UNPACKING pc=0x0000019667ad964e sp=0x0000006fea8fc620 mode 0
Event: 6.558 Thread 0x000001967e55e800 DEOPT PACKING pc=0x0000019668621010 sp=0x0000006fea8fd170
Event: 6.558 Thread 0x000001967e55e800 DEOPT UNPACKING pc=0x0000019667ad964e sp=0x0000006fea8fc620 mode 0

Classes unloaded (0 events):
No events

Classes redefined (0 events):
No events

Internal exceptions (20 events):
Event: 2.657 Thread 0x000001967e696000 Exception <a 'java/lang/NoSuchMethodError'{0x0000000087617470}: 'java.lang.Object java.lang.invoke.Invokers$Holder.linkToTargetMethod(java.lang.Object, int, java.lang.Object)'> (0x0000000087617470) 
thrown [./open/src/hotspot/share/interpreter/linkResolver.cpp, line 766]
Event: 2.760 Thread 0x000001967e696000 Exception <a 'java/lang/ClassNotFoundException'{0x000000008910d6e0}: com/sun/javafx/scene/control/skin/resources/controls> (0x000000008910d6e0) 
thrown [./open/src/hotspot/share/prims/jni.cpp, line 620]
Event: 2.762 Thread 0x000001967e696000 Exception <a 'java/lang/ClassNotFoundException'{0x000000008911b1d8}: com/sun/javafx/scene/control/skin/resources/controls_en> (0x000000008911b1d8) 
thrown [./open/src/hotspot/share/prims/jni.cpp, line 620]
Event: 2.762 Thread 0x000001967e696000 Exception <a 'java/lang/ClassNotFoundException'{0x000000008911c3b8}: com/sun/javafx/scene/control/skin/resources/controls_en_US> (0x000000008911c3b8) 
thrown [./open/src/hotspot/share/prims/jni.cpp, line 620]
Event: 2.817 Thread 0x000001967e696000 Exception <a 'java/lang/NoSuchMethodError'{0x0000000088f3e258}: 'void java.lang.invoke.DirectMethodHandle$Holder.invokeSpecial(java.lang.Object, java.lang.Object, java.lang.Object, java.lang.Object, java.lang.Object, java.lang.Object)'> (0x0000000088f3e258) 
thrown [./open/src/hotspot/share/interpreter/linkResolver.cpp, line 766]
Event: 2.953 Thread 0x000001967e696000 Exception <a 'java/lang/NoSuchMethodError'{0x0000000088ce1b68}: 'java.lang.Object java.lang.invoke.DirectMethodHandle$Holder.invokeStatic(java.lang.Object, java.lang.Object, int, int)'> (0x0000000088ce1b68) 
thrown [./open/src/hotspot/share/interpreter/linkResolver.cpp, line 766]
Event: 2.954 Thread 0x000001967e696000 Exception <a 'java/lang/NoSuchMethodError'{0x0000000088ce7b60}: 'java.lang.Object java.lang.invoke.Invokers$Holder.linkToTargetMethod(java.lang.Object, int, int, java.lang.Object)'> (0x0000000088ce7b60) 
thrown [./open/src/hotspot/share/interpreter/linkResolver.cpp, line 766]
Event: 2.998 Thread 0x000001967e55e800 Exception <a 'java/lang/NoSuchMethodError'{0x0000000088bd67d8}: 'int java.lang.invoke.DirectMethodHandle$Holder.invokeStaticInit(java.lang.Object, java.lang.Object)'> (0x0000000088bd67d8) 
thrown [./open/src/hotspot/share/interpreter/linkResolver.cpp, line 766]
Event: 3.213 Thread 0x000001967e55e800 Exception <a 'java/lang/NoSuchMethodError'{0x0000000088637678}: 'java.lang.Object java.lang.invoke.DirectMethodHandle$Holder.invokeStaticInit(java.lang.Object, int)'> (0x0000000088637678) 
thrown [./open/src/hotspot/share/interpreter/linkResolver.cpp, line 766]
Event: 4.769 Thread 0x000001967e696000 Exception <a 'java/lang/NoSuchMethodError'{0x0000000088a7f298}: 'long java.lang.invoke.DirectMethodHandle$Holder.invokeStatic(java.lang.Object, java.lang.Object, java.lang.Object)'> (0x0000000088a7f298) 
thrown [./open/src/hotspot/share/interpreter/linkResolver.cpp, line 766]
Event: 4.770 Thread 0x000001967e696000 Exception <a 'java/lang/NoSuchMethodError'{0x00000000886725e8}: 'long java.lang.invoke.DirectMethodHandle$Holder.invokeStaticInit(java.lang.Object, java.lang.Object, java.lang.Object)'> (0x00000000886725e8) 
thrown [./open/src/hotspot/share/interpreter/linkResolver.cpp, line 766]
Event: 4.778 Thread 0x000001967e696000 Exception <a 'java/lang/NoSuchMethodError'{0x00000000886868b8}: 'java.lang.Object java.lang.invoke.Invokers$Holder.linkToTargetMethod(java.lang.Object, long, java.lang.Object)'> (0x00000000886868b8) 
thrown [./open/src/hotspot/share/interpreter/linkResolver.cpp, line 766]
Event: 5.048 Thread 0x000001967e696000 Implicit null exception at 0x000001966f5bc4e7 to 0x000001966f5bcb08
Event: 5.049 Thread 0x000001967e696000 Implicit null exception at 0x000001966f5bd164 to 0x000001966f5bd7a0
Event: 5.106 Thread 0x000001967e696000 Exception <a 'sun/nio/fs/WindowsException'{0x00000000885ddbc0}> (0x00000000885ddbc0) 
thrown [./open/src/hotspot/share/prims/jni.cpp, line 599]
Event: 5.107 Thread 0x000001967e696000 Exception <a 'sun/nio/fs/WindowsException'{0x00000000885e25b8}> (0x00000000885e25b8) 
thrown [./open/src/hotspot/share/prims/jni.cpp, line 599]
Event: 5.107 Thread 0x000001967e696000 Exception <a 'sun/nio/fs/WindowsException'{0x00000000885e6710}> (0x00000000885e6710) 
thrown [./open/src/hotspot/share/prims/jni.cpp, line 599]
Event: 5.372 Thread 0x000001967e696000 Exception <a 'java/lang/NoSuchMethodError'{0x000000008857d088}: 'void java.lang.invoke.DirectMethodHandle$Holder.invokeSpecialIFC(java.lang.Object, java.lang.Object, java.lang.Object, java.lang.Object)'> (0x000000008857d088) 
thrown [./open/src/hotspot/share/interpreter/linkResolver.cpp, line 766]
Event: 5.711 Thread 0x000001967e696000 Exception <a 'java/lang/NoSuchMethodError'{0x00000000880582f8}: 'void java.lang.invoke.DirectMethodHandle$Holder.invokeSpecial(java.lang.Object, java.lang.Object, double)'> (0x00000000880582f8) 
thrown [./open/src/hotspot/share/interpreter/linkResolver.cpp, line 766]
Event: 5.711 Thread 0x000001967e696000 Exception <a 'java/lang/NoSuchMethodError'{0x000000008805d8a0}: 'java.lang.Object java.lang.invoke.DirectMethodHandle$Holder.invokeStatic(java.lang.Object, java.lang.Object, double)'> (0x000000008805d8a0) 
thrown [./open/src/hotspot/share/interpreter/linkResolver.cpp, line 766]

Events (20 events):
Event: 6.800 Thread 0x000001960646e000 Thread added: 0x000001960646e000
Event: 6.800 Thread 0x000001960646e000 Thread exited: 0x000001960646e000
Event: 6.838 Thread 0x000001960646f800 Thread added: 0x000001960646f800
Event: 6.838 Thread 0x000001960646f800 Thread exited: 0x000001960646f800
Event: 6.838 Thread 0x000001960646e000 Thread added: 0x000001960646e000
Event: 6.839 Thread 0x000001960646e000 Thread exited: 0x000001960646e000
Event: 6.877 Thread 0x0000019606472000 Thread added: 0x0000019606472000
Event: 6.877 Thread 0x0000019606472000 Thread exited: 0x0000019606472000
Event: 6.877 Thread 0x0000019606472000 Thread added: 0x0000019606472000
Event: 6.878 Thread 0x0000019606472000 Thread exited: 0x0000019606472000
Event: 6.878 Thread 0x000001960646e800 Thread added: 0x000001960646e800
Event: 6.878 Thread 0x000001960646e800 Thread exited: 0x000001960646e800
Event: 6.879 Thread 0x0000019606473000 Thread added: 0x0000019606473000
Event: 6.879 Thread 0x0000019606473000 Thread exited: 0x0000019606473000
Event: 6.905 loading class java/io/ObjectInput
Event: 6.905 loading class java/io/ObjectInput done
Event: 6.906 loading class java/io/ObjectOutput
Event: 6.906 loading class java/io/ObjectOutput done
Event: 6.907 loading class java/util/regex/Pattern$SliceI
Event: 6.907 loading class java/util/regex/Pattern$SliceI done


Dynamic libraries:
0x00007ff6e7930000 - 0x00007ff6e793f000 	C:\Program Files\Java\jdk-14.0.1\bin\java.exe
0x00007ffff13b0000 - 0x00007ffff159d000 	C:\Windows\SYSTEM32\ntdll.dll
0x00007ffff1130000 - 0x00007ffff11e3000 	C:\Windows\System32\KERNEL32.DLL
0x00007fffede20000 - 0x00007fffee0b5000 	C:\Windows\System32\KERNELBASE.dll
0x00007fffee3a0000 - 0x00007fffee49a000 	C:\Windows\System32\ucrtbase.dll
0x00007fffe5560000 - 0x00007fffe5575000 	C:\Program Files\Java\jdk-14.0.1\bin\VCRUNTIME140.dll
0x00007fffe7f10000 - 0x00007fffe7f28000 	C:\Program Files\Java\jdk-14.0.1\bin\jli.dll
0x00007fffeede0000 - 0x00007fffeee83000 	C:\Windows\System32\ADVAPI32.dll
0x00007fffee810000 - 0x00007fffee8ae000 	C:\Windows\System32\msvcrt.dll
0x00007ffff0420000 - 0x00007ffff04be000 	C:\Windows\System32\sechost.dll
0x00007ffff1250000 - 0x00007ffff1372000 	C:\Windows\System32\RPCRT4.dll
0x00007fffee8b0000 - 0x00007fffeea47000 	C:\Windows\System32\USER32.dll
0x00007fffee380000 - 0x00007fffee3a0000 	C:\Windows\System32\win32u.dll
0x00007fffeee90000 - 0x00007fffeeeb9000 	C:\Windows\System32\GDI32.dll
0x00007fffdaac0000 - 0x00007fffdad39000 	C:\Windows\WinSxS\amd64_microsoft.windows.common-controls_6595b64144ccf1df_6.0.17763.1282_none_de75b6f253473c0f\COMCTL32.dll
0x00007fffee1e0000 - 0x00007fffee37a000 	C:\Windows\System32\gdi32full.dll
0x00007fffeea50000 - 0x00007fffeed7c000 	C:\Windows\System32\combase.dll
0x00007fffee0c0000 - 0x00007fffee160000 	C:\Windows\System32\msvcp_win.dll
0x00007fffee160000 - 0x00007fffee1de000 	C:\Windows\System32\bcryptPrimitives.dll
0x00007fffd71f0000 - 0x00007fffd71fa000 	C:\Windows\SYSTEM32\VERSION.dll
0x00007fffee7b0000 - 0x00007fffee7de000 	C:\Windows\System32\IMM32.DLL
0x00007fffc35b0000 - 0x00007fffc364b000 	C:\Program Files\Java\jdk-14.0.1\bin\msvcp140.dll
0x00007fff98790000 - 0x00007fff992ae000 	C:\Program Files\Java\jdk-14.0.1\bin\server\jvm.dll
0x00007fffee800000 - 0x00007fffee808000 	C:\Windows\System32\PSAPI.DLL
0x00007fffd3f30000 - 0x00007fffd3f39000 	C:\Windows\SYSTEM32\WSOCK32.dll
0x00007fffeaf50000 - 0x00007fffeaf74000 	C:\Windows\SYSTEM32\WINMM.dll
0x00007ffff0770000 - 0x00007ffff07dd000 	C:\Windows\System32\WS2_32.dll
0x00007fffeaf20000 - 0x00007fffeaf4d000 	C:\Windows\SYSTEM32\winmmbase.dll
0x00007fffee4a0000 - 0x00007fffee4ea000 	C:\Windows\System32\cfgmgr32.dll
0x00007fffed3a0000 - 0x00007fffed3b1000 	C:\Windows\System32\kernel.appcore.dll
0x00007fffe9f30000 - 0x00007fffe9f3a000 	C:\Program Files\Java\jdk-14.0.1\bin\jimage.dll
0x00007fffe9b10000 - 0x00007fffe9cfd000 	C:\Windows\SYSTEM32\DBGHELP.DLL
0x00007fffcd270000 - 0x00007fffcd29a000 	C:\Windows\SYSTEM32\dbgcore.DLL
0x00007fffe89c0000 - 0x00007fffe89ce000 	C:\Program Files\Java\jdk-14.0.1\bin\instrument.dll
0x00007fffe3840000 - 0x00007fffe3865000 	C:\Program Files\Java\jdk-14.0.1\bin\java.dll
0x00007fffe3820000 - 0x00007fffe3836000 	C:\Program Files\Java\jdk-14.0.1\bin\zip.dll
0x00007fffeeec0000 - 0x00007ffff03b8000 	C:\Windows\System32\SHELL32.dll
0x00007ffff1080000 - 0x00007ffff1128000 	C:\Windows\System32\shcore.dll
0x00007fffed470000 - 0x00007fffedbbf000 	C:\Windows\System32\windows.storage.dll
0x00007fffed440000 - 0x00007fffed464000 	C:\Windows\System32\profapi.dll
0x00007fffed3c0000 - 0x00007fffed41d000 	C:\Windows\System32\powrprof.dll
0x00007ffff03c0000 - 0x00007ffff0412000 	C:\Windows\System32\shlwapi.dll
0x00007fffede00000 - 0x00007fffede17000 	C:\Windows\System32\cryptsp.dll
0x00007fffe3800000 - 0x00007fffe3819000 	C:\Program Files\Java\jdk-14.0.1\bin\net.dll
0x00007fffe6ee0000 - 0x00007fffe6fd2000 	C:\Windows\SYSTEM32\WINHTTP.dll
0x00007fffecc00000 - 0x00007fffecc67000 	C:\Windows\system32\mswsock.dll
0x00007fffdd8e0000 - 0x00007fffdd8f2000 	C:\Program Files\Java\jdk-14.0.1\bin\nio.dll
0x00007fffe89b0000 - 0x00007fffe89c0000 	C:\Program Files\Java\jdk-14.0.1\bin\verify.dll
0x00007fffe7dc0000 - 0x00007fffe7dda000 	C:\Program Files\JetBrains\IntelliJ IDEA 2020.1.2\bin\breakgen64.dll
0x000001965d1d0000 - 0x000001965d1d3000 	C:\Program Files\JavaFX\javafx-sdk-14.0.1\bin\api-ms-win-core-console-l1-1-0.dll
0x000001965d1f0000 - 0x000001965d1f3000 	C:\Program Files\JavaFX\javafx-sdk-14.0.1\bin\api-ms-win-core-datetime-l1-1-0.dll
0x000001965d200000 - 0x000001965d203000 	C:\Program Files\JavaFX\javafx-sdk-14.0.1\bin\api-ms-win-core-debug-l1-1-0.dll
0x000001965d210000 - 0x000001965d213000 	C:\Program Files\JavaFX\javafx-sdk-14.0.1\bin\api-ms-win-core-errorhandling-l1-1-0.dll
0x000001965f250000 - 0x000001965f254000 	C:\Program Files\JavaFX\javafx-sdk-14.0.1\bin\api-ms-win-core-file-l1-1-0.dll
0x000001965f260000 - 0x000001965f263000 	C:\Program Files\JavaFX\javafx-sdk-14.0.1\bin\api-ms-win-core-file-l1-2-0.dll
0x000001965f270000 - 0x000001965f273000 	C:\Program Files\JavaFX\javafx-sdk-14.0.1\bin\api-ms-win-core-file-l2-1-0.dll
0x000001965f280000 - 0x000001965f283000 	C:\Program Files\JavaFX\javafx-sdk-14.0.1\bin\api-ms-win-core-handle-l1-1-0.dll
0x000001965f290000 - 0x000001965f293000 	C:\Program Files\JavaFX\javafx-sdk-14.0.1\bin\api-ms-win-core-heap-l1-1-0.dll
0x000001965f2a0000 - 0x000001965f2a3000 	C:\Program Files\JavaFX\javafx-sdk-14.0.1\bin\api-ms-win-core-interlocked-l1-1-0.dll
0x000001965f2b0000 - 0x000001965f2b3000 	C:\Program Files\JavaFX\javafx-sdk-14.0.1\bin\api-ms-win-core-libraryloader-l1-1-0.dll
0x000001967f040000 - 0x000001967f043000 	C:\Program Files\JavaFX\javafx-sdk-14.0.1\bin\api-ms-win-core-localization-l1-2-0.dll
0x000001967f050000 - 0x000001967f053000 	C:\Program Files\JavaFX\javafx-sdk-14.0.1\bin\api-ms-win-core-memory-l1-1-0.dll
0x000001967f060000 - 0x000001967f063000 	C:\Program Files\JavaFX\javafx-sdk-14.0.1\bin\api-ms-win-core-namedpipe-l1-1-0.dll
0x000001967f070000 - 0x000001967f073000 	C:\Program Files\JavaFX\javafx-sdk-14.0.1\bin\api-ms-win-core-processenvironment-l1-1-0.dll
0x000001967f080000 - 0x000001967f083000 	C:\Program Files\JavaFX\javafx-sdk-14.0.1\bin\api-ms-win-core-processthreads-l1-1-0.dll
0x000001967f090000 - 0x000001967f093000 	C:\Program Files\JavaFX\javafx-sdk-14.0.1\bin\api-ms-win-core-processthreads-l1-1-1.dll
0x000001967f0a0000 - 0x000001967f0a3000 	C:\Program Files\JavaFX\javafx-sdk-14.0.1\bin\api-ms-win-core-profile-l1-1-0.dll
0x000001967f0b0000 - 0x000001967f0b3000 	C:\Program Files\JavaFX\javafx-sdk-14.0.1\bin\api-ms-win-core-rtlsupport-l1-1-0.dll
0x000001967f0c0000 - 0x000001967f0c3000 	C:\Program Files\JavaFX\javafx-sdk-14.0.1\bin\api-ms-win-core-string-l1-1-0.dll
0x000001967f0d0000 - 0x000001967f0d3000 	C:\Program Files\JavaFX\javafx-sdk-14.0.1\bin\api-ms-win-core-synch-l1-1-0.dll
0x000001967f0e0000 - 0x000001967f0e3000 	C:\Program Files\JavaFX\javafx-sdk-14.0.1\bin\api-ms-win-core-synch-l1-2-0.dll
0x000001967f0f0000 - 0x000001967f0f3000 	C:\Program Files\JavaFX\javafx-sdk-14.0.1\bin\api-ms-win-core-sysinfo-l1-1-0.dll
0x000001967f100000 - 0x000001967f103000 	C:\Program Files\JavaFX\javafx-sdk-14.0.1\bin\api-ms-win-core-timezone-l1-1-0.dll
0x000001967f110000 - 0x000001967f113000 	C:\Program Files\JavaFX\javafx-sdk-14.0.1\bin\api-ms-win-core-util-l1-1-0.dll
0x000001967f120000 - 0x000001967f123000 	C:\Program Files\JavaFX\javafx-sdk-14.0.1\bin\api-ms-win-crt-conio-l1-1-0.dll
0x000001967f130000 - 0x000001967f134000 	C:\Program Files\JavaFX\javafx-sdk-14.0.1\bin\api-ms-win-crt-convert-l1-1-0.dll
0x000001967f140000 - 0x000001967f143000 	C:\Program Files\JavaFX\javafx-sdk-14.0.1\bin\api-ms-win-crt-environment-l1-1-0.dll
0x000001967f150000 - 0x000001967f153000 	C:\Program Files\JavaFX\javafx-sdk-14.0.1\bin\api-ms-win-crt-filesystem-l1-1-0.dll
0x000001967f160000 - 0x000001967f163000 	C:\Program Files\JavaFX\javafx-sdk-14.0.1\bin\api-ms-win-crt-heap-l1-1-0.dll
0x000001967f170000 - 0x000001967f173000 	C:\Program Files\JavaFX\javafx-sdk-14.0.1\bin\api-ms-win-crt-locale-l1-1-0.dll
0x000001967f180000 - 0x000001967f185000 	C:\Program Files\JavaFX\javafx-sdk-14.0.1\bin\api-ms-win-crt-math-l1-1-0.dll
0x000001967f190000 - 0x000001967f195000 	C:\Program Files\JavaFX\javafx-sdk-14.0.1\bin\api-ms-win-crt-multibyte-l1-1-0.dll
0x000001967f1a0000 - 0x000001967f1b0000 	C:\Program Files\JavaFX\javafx-sdk-14.0.1\bin\api-ms-win-crt-private-l1-1-0.dll
0x000001967f1b0000 - 0x000001967f1b3000 	C:\Program Files\JavaFX\javafx-sdk-14.0.1\bin\api-ms-win-crt-process-l1-1-0.dll
0x000001967f1c0000 - 0x000001967f1c4000 	C:\Program Files\JavaFX\javafx-sdk-14.0.1\bin\api-ms-win-crt-runtime-l1-1-0.dll
0x000001967f1d0000 - 0x000001967f1d4000 	C:\Program Files\JavaFX\javafx-sdk-14.0.1\bin\api-ms-win-crt-stdio-l1-1-0.dll
0x000001967f1e0000 - 0x000001967f1e4000 	C:\Program Files\JavaFX\javafx-sdk-14.0.1\bin\api-ms-win-crt-string-l1-1-0.dll
0x000001967f1f0000 - 0x000001967f1f3000 	C:\Program Files\JavaFX\javafx-sdk-14.0.1\bin\api-ms-win-crt-time-l1-1-0.dll
0x000001967f200000 - 0x000001967f203000 	C:\Program Files\JavaFX\javafx-sdk-14.0.1\bin\api-ms-win-crt-utility-l1-1-0.dll
0x00007fffc5b80000 - 0x00007fffc5c7c000 	C:\Program Files\JavaFX\javafx-sdk-14.0.1\bin\ucrtbase.dll
0x00007fffe7da0000 - 0x00007fffe7db5000 	C:\Program Files\JavaFX\javafx-sdk-14.0.1\bin\vcruntime140.dll
0x00007fffc5ae0000 - 0x00007fffc5b7b000 	C:\Program Files\JavaFX\javafx-sdk-14.0.1\bin\msvcp140.dll
0x00007fffdd910000 - 0x00007fffdd961000 	C:\Program Files\JavaFX\javafx-sdk-14.0.1\bin\concrt140.dll
0x00007fffe7d70000 - 0x00007fffe7d93000 	C:\Program Files\JavaFX\javafx-sdk-14.0.1\bin\prism_d3d.dll
0x00007fffc9120000 - 0x00007fffc92be000 	C:\Windows\system32\d3d9.dll
0x00007fffeb9f0000 - 0x00007fffeba1e000 	C:\Windows\SYSTEM32\dwmapi.dll
0x00007fffedbc0000 - 0x00007fffedd9c000 	C:\Windows\System32\CRYPT32.dll
0x00007fffed420000 - 0x00007fffed432000 	C:\Windows\System32\MSASN1.dll
0x00007fffeb770000 - 0x00007fffeb80c000 	C:\Windows\system32\uxtheme.dll
0x00007fffc5570000 - 0x00007fffc575b000 	C:\Windows\System32\DriverStore\FileRepository\64kb6293.inf_amd64_39b4ad25645d83f0\igdumdim64.dll
0x00007fffa36f0000 - 0x00007fffa6c6d000 	C:\Windows\System32\DriverStore\FileRepository\64kb6293.inf_amd64_39b4ad25645d83f0\igd9dxva64.dll
0x00007fffee5d0000 - 0x00007fffee725000 	C:\Windows\System32\ole32.dll
0x00007ffff08d0000 - 0x00007ffff0994000 	C:\Windows\System32\OLEAUT32.dll
0x00007fffd3900000 - 0x00007fffd3945000 	C:\Program Files\JavaFX\javafx-sdk-14.0.1\bin\glass.dll
0x00007ffff04d0000 - 0x00007ffff05f7000 	C:\Windows\System32\COMDLG32.dll
0x00007ffff0600000 - 0x00007ffff076d000 	C:\Windows\System32\MSCTF.dll
0x00007fffd5110000 - 0x00007fffd5134000 	C:\Windows\System32\DriverStore\FileRepository\64kb6293.inf_amd64_39b4ad25645d83f0\igdinfo64.dll
0x00007fffbdad0000 - 0x00007fffbf9d1000 	C:\Windows\System32\DriverStore\FileRepository\64kb6293.inf_amd64_39b4ad25645d83f0\igc64.dll
0x00007fffe7960000 - 0x00007fffe7974000 	C:\Program Files\JavaFX\javafx-sdk-14.0.1\bin\javafx_font.dll
0x00007fffe1620000 - 0x00007fffe191c000 	C:\Windows\SYSTEM32\dwrite.dll
0x00007ffff0b50000 - 0x00007ffff0bf2000 	C:\Windows\System32\clbcatq.dll
0x00007fffe8e60000 - 0x00007fffe9018000 	C:\Windows\SYSTEM32\WindowsCodecs.dll
0x00007fffe7eb0000 - 0x00007fffe7f06000 	C:\Windows\system32\dataexchange.dll
0x00007fffead50000 - 0x00007fffeaf13000 	C:\Windows\system32\dcomp.dll
0x00007fffea510000 - 0x00007fffea78e000 	C:\Windows\system32\d3d11.dll
0x00007fffec0a0000 - 0x00007fffec162000 	C:\Windows\system32\dxgi.dll
0x00007fffebb00000 - 0x00007fffebd14000 	C:\Windows\system32\twinapi.appcore.dll
0x00007fffebad0000 - 0x00007fffebaf8000 	C:\Windows\system32\RMCLIENT.dll
0x00007fffe38d0000 - 0x00007fffe3903000 	C:\Program Files\Common Files\Microsoft Shared\Ink\rtscom.dll
0x00007fffe8850000 - 0x00007fffe88e5000 	C:\Windows\System32\TextInputFramework.dll
0x00007fffe9190000 - 0x00007fffe94b2000 	C:\Windows\System32\CoreUIComponents.dll
0x00007fffeb2e0000 - 0x00007fffeb3c2000 	C:\Windows\System32\CoreMessaging.dll
0x00007fffec3f0000 - 0x00007fffec421000 	C:\Windows\SYSTEM32\ntmarta.dll
0x00007fffe9020000 - 0x00007fffe9173000 	C:\Windows\SYSTEM32\wintypes.dll
0x00007fffe4890000 - 0x00007fffe48fc000 	C:\Windows\system32\Oleacc.dll
0x00007fffc3be0000 - 0x00007fffc3c8a000 	C:\Program Files\JavaFX\javafx-sdk-14.0.1\bin\glib-lite.dll
0x00007fffc3780000 - 0x00007fffc3862000 	C:\Program Files\JavaFX\javafx-sdk-14.0.1\bin\gstreamer-lite.dll
0x00007fffc7fd0000 - 0x00007fffc8066000 	C:\Windows\SYSTEM32\DSOUND.dll

dbghelp: loaded successfully - version: 4.0.5 - missing functions: none
symbol engine: initialized successfully - sym options: 0x614 - pdb path: .;C:\Program Files\Java\jdk-14.0.1\bin;C:\Windows\SYSTEM32;C:\Windows\WinSxS\amd64_microsoft.windows.common-controls_6595b64144ccf1df_6.0.17763.1282_none_de75b6f253473c0f;C:\Program Files\Java\jdk-14.0.1\bin\server;C:\Program Files\JetBrains\IntelliJ IDEA 2020.1.2\bin;C:\Program Files\JavaFX\javafx-sdk-14.0.1\bin;C:\Windows\System32\DriverStore\FileRepository\64kb6293.inf_amd64_39b4ad25645d83f0;C:\Program Files\Common Files\Microsoft Shared\Ink

VM Arguments:
jvm_args: --add-modules=javafx.base,javafx.graphics --add-reads=javafx.base=ALL-UNNAMED --add-reads=javafx.graphics=ALL-UNNAMED -javaagent:C:\Program Files\JetBrains\IntelliJ IDEA 2020.1.2\lib\idea_rt.jar=54507:C:\Program Files\JetBrains\IntelliJ IDEA 2020.1.2\bin -Dfile.encoding=UTF-8 --module-path=C:\Program Files\JavaFX\javafx-sdk-14.0.1\lib\javafx.base.jar;C:\Program Files\JavaFX\javafx-sdk-14.0.1\lib\javafx.graphics.jar;C:\Users\Reel\Desktop\SUT\982\Advanced Programming\AP_PROJECT\New\target\classes;C:\Program Files\JavaFX\javafx-sdk-14.0.1\lib\javafx-swt.jar;C:\Program Files\JavaFX\javafx-sdk-14.0.1\lib\javafx.controls.jar;C:\Program Files\JavaFX\javafx-sdk-14.0.1\lib\javafx.fxml.jar;C:\Program Files\JavaFX\javafx-sdk-14.0.1\lib\javafx.media.jar;C:\Program Files\JavaFX\javafx-sdk-14.0.1\lib\javafx.swing.jar;C:\Program Files\JavaFX\javafx-sdk-14.0.1\lib\javafx.web.jar;C:\Users\Reel\Downloads\jfoenix-9.0.10.jar;C:\Users\Reel\Downloads\Documents\kotlin-stdlib-1.2.42.jar;C:\Users\Reel\Downloads\Documents\annotations-13.0.jar;C:\Users\Reel\.m2\repository\org\apache\maven\plugins\maven-compiler-plugin\3.8.1\maven-compiler-plugin-3.8.1.jar;C:\Users\Reel\.m2\repository\org\apache\maven\maven-plugin-api\3.0\maven-plugin-api-3.0.jar;C:\Users\Reel\.m2\repository\org\apache\maven\maven-model\3.0\maven-model-3.0.jar;C:\Users\Reel\.m2\repository\org\sonatype\sisu\sisu-inject-plexus\1.4.2\sisu-inject-plexus-1.4.2.jar;C:\Users\Reel\.m2\repository\org\sonatype\sisu\sisu-inject-bean\1.4.2\sisu-inject-bean-1.4.2.jar;C:\Users\Reel\.m2\repository\org\sonatype\sisu\sisu-guice\2.1.7\sisu-guice-2.1.7-noaop.jar;C:\Users\Reel\.m2\repository\org\apache\maven\maven-artifact\3.0\maven-artifact-3.0.jar;C:\Users\Reel\.m2\repository\org\codehaus\plexus\plexus-utils\2.0.4\plexus-utils-2.0.4.jar;C:\Users\Reel\.m2\repository\org\apache\maven\maven-core\3.0\maven-core-3.0.jar;C:\Users\Reel\.m2\repository\org\apache\maven\maven-settings\3.0\maven-settings-3.0.jar;C:\Users\Reel\.m2\repository\org\apache\maven\maven-settings-builder\3.0\maven-settings-builder-3.0.jar;C:\Users\Reel\.m2\repository\org\apache\maven\maven-repository-metadata\3.0\maven-repository-metadata-3.0.jar;C:\Users\Reel\.m2\repository\org\apache\maven\maven-model-builder\3.0\maven-model-builder-3.0.jar;C:\User-Djdk.module.main=team 
java_command: team/main.Main
java_class_path (initial): <not set>
Launcher Type: SUN_STANDARD

[Global flags]
     intx CICompilerCount                          = 3                                         {product} {ergonomic}
     uint ConcGCThreads                            = 1                                         {product} {ergonomic}
     uint G1ConcRefinementThreads                  = 4                                         {product} {ergonomic}
   size_t G1HeapRegionSize                         = 1048576                                   {product} {ergonomic}
    uintx GCDrainStackTargetSize                   = 64                                        {product} {ergonomic}
   size_t InitialHeapSize                          = 134217728                                 {product} {ergonomic}
   size_t MarkStackSize                            = 4194304                                   {product} {ergonomic}
   size_t MaxHeapSize                              = 2128609280                                {product} {ergonomic}
   size_t MaxNewSize                               = 1277165568                                {product} {ergonomic}
   size_t MinHeapDeltaBytes                        = 1048576                                   {product} {ergonomic}
   size_t MinHeapSize                              = 8388608                                   {product} {ergonomic}
    uintx NonNMethodCodeHeapSize                   = 5832780                                {pd product} {ergonomic}
    uintx NonProfiledCodeHeapSize                  = 122912730                              {pd product} {ergonomic}
    uintx ProfiledCodeHeapSize                     = 122912730                              {pd product} {ergonomic}
    uintx ReservedCodeCacheSize                    = 251658240                              {pd product} {ergonomic}
     bool SegmentedCodeCache                       = true                                      {product} {ergonomic}
   size_t SoftMaxHeapSize                          = 2128609280                             {manageable} {ergonomic}
     bool UseCompressedClassPointers               = true                                 {lp64_product} {ergonomic}
     bool UseCompressedOops                        = true                                 {lp64_product} {ergonomic}
     bool UseG1GC                                  = true                                      {product} {ergonomic}
     bool UseLargePagesIndividualAllocation        = false                                  {pd product} {ergonomic}

Logging:
Log output configuration:
 #0: stdout all=warning uptime,level,tags
 #1: stderr all=off uptime,level,tags

Environment Variables:
PATH=C:\Windows\system32;C:\Windows;C:\Windows\System32\Wbem;C:\Windows\System32\WindowsPowerShell\v1.0\;C:\Windows\System32\OpenSSH\;C:\Program Files\Microsoft VS Code\bin;C:\Program Files\Java\jdk-13.0.2\bin;C:\Program Files\Git\cmd;C:\Users\Reel\AppData\Local\Microsoft\WindowsApps;C:\Users\Reel\AppData\Local\GitHubDesktop\bin
USERNAME=Reel
OS=Windows_NT
PROCESSOR_IDENTIFIER=Intel64 Family 6 Model 142 Stepping 9, GenuineIntel



---------------  S Y S T E M  ---------------

OS: Windows 10 , 64 bit Build 17763 (10.0.17763.1158)
OS uptime: 16 days 14:59 hours

CPU:total 4 (initial active 4) (2 cores per cpu, 2 threads per core) family 6 model 142 stepping 9, cmov, cx8, fxsr, mmx, sse, sse2, sse3, ssse3, sse4.1, sse4.2, popcnt, avx, avx2, aes, clmul, erms, rtm, 3dnowpref, lzcnt, ht, tsc, tscinvbit, bmi1, bmi2, adx, fma

Memory: 4k page, system-wide physical 8117M (935M free)
TotalPageFile size 12663M (AvailPageFile size 1382M)
current process WorkingSet (physical memory assigned to process): 294M, peak: 298M
current process commit charge ("private bytes"): 407M, peak: 434M

vm_info: Java HotSpot(TM) 64-Bit Server VM (14.0.1+7) for windows-amd64 JRE (14.0.1+7), built on Mar  5 2020 10:30:14 by "mach5one" with MS VC++ 15.9 (VS2017)

END.
